<?xml version="1.0" encoding="UTF-8"?>
<robot generator="Robot 7.2 (Python 3.12.8 on win32)" generated="2025-01-25T11:27:19.232295" rpa="false" schemaversion="5">
<suite id="s1" name="Suites">
<suite id="s1-s1" name="TC05 TESTSIT" source="H:\gosoft-thailand\AllOnlineBot\Test\TC05_TESTSIT.robot">
<test id="s1-s1-t1" name="TC01_LOGIN_PAGE" line="8">
<msg time="2025-01-25T11:27:21.278273" level="INFO">${DataDriver_TEST_DATA} = {'ERROR': 'Test Case not found...'}</msg>
<kw name="setup_Testcase" owner="common" type="SETUP">
<kw name="Close_Browser" owner="common">
<kw name="Close Browser" owner="SeleniumLibrary">
<doc>Closes the current browser.</doc>
<status status="PASS" start="2025-01-25T11:27:21.278273" elapsed="0.000000"/>
</kw>
<doc>ปิดเบราว์เซอร์เมื่อเสร็จสิ้นการทดสอบ</doc>
<status status="PASS" start="2025-01-25T11:27:21.278273" elapsed="0.000000"/>
</kw>
<kw name="Open_Browser" owner="common">
<kw name="Open Browser" owner="SeleniumLibrary">
<msg time="2025-01-25T11:27:21.283272" level="INFO">Opening browser 'headlessChrome' to base url 'https://www-allonline-uat.cpall.co.th/'.</msg>
<msg time="2025-01-25T11:27:32.792872" level="WARN">The chromedriver version (131.0.6778.265) detected in PATH at D:\ProgramFile\chromedriver\chromedriver.exe might not be compatible with the detected chrome version (132.0.6834.84); currently, chromedriver 132.0.6834.110 is recommended for chrome 132.*, so it is advised to delete the driver in PATH and retry</msg>
<arg>${URL}</arg>
<arg>${Browser}</arg>
<doc>Opens a new browser instance to the optional ``url``.</doc>
<status status="PASS" start="2025-01-25T11:27:21.283272" elapsed="48.661770"/>
</kw>
<kw name="Maximize Browser Window" owner="SeleniumLibrary">
<doc>Maximizes current browser window.</doc>
<status status="PASS" start="2025-01-25T11:28:09.946557" elapsed="0.207777"/>
</kw>
<arg>${URL}</arg>
<arg>${Browser}</arg>
<doc>เปิดเบราว์เซอร์ที่ URL ที่กำหนด</doc>
<status status="PASS" start="2025-01-25T11:27:21.278273" elapsed="48.877063"/>
</kw>
<arg>${MAPPING}[${ENV}][URL]</arg>
<arg>${MAPPING}[${ENV}][BROWSER]</arg>
<doc>URL temp</doc>
<status status="PASS" start="2025-01-25T11:27:21.278273" elapsed="48.877063"/>
</kw>
<kw name="Click_btn_allmember_login" owner="All_Online_Main_page">
<kw name="Click_Element" owner="common">
<kw name="Wait_Page" owner="common">
<kw name="Wait Until Element Is Visible" owner="SeleniumLibrary">
<arg>${Locator}</arg>
<arg>${timeout}</arg>
<doc>Waits until the element ``locator`` is visible.</doc>
<status status="PASS" start="2025-01-25T11:28:10.161332" elapsed="0.202122"/>
</kw>
<arg>${Locator}</arg>
<doc>รอจนกว่าจะพบช่อง Page Should Contain</doc>
<status status="PASS" start="2025-01-25T11:28:10.160332" elapsed="0.204123"/>
</kw>
<kw name="Click Element" owner="SeleniumLibrary">
<msg time="2025-01-25T11:28:10.366455" level="INFO">Clicking element 'xpath=//*[@class="btn-allmember-login nopd onLine"]'.</msg>
<arg>${Locator}</arg>
<doc>Click the element identified by ``locator``.</doc>
<status status="PASS" start="2025-01-25T11:28:10.365455" elapsed="6.260916"/>
</kw>
<arg>xpath=//*[@class="btn-allmember-login nopd onLine"]</arg>
<doc>คลิกที่องค์ประกอบที่ระบุ Click Element</doc>
<status status="PASS" start="2025-01-25T11:28:10.158332" elapsed="6.469028"/>
</kw>
<doc>คลิกปุ่ม Login</doc>
<status status="PASS" start="2025-01-25T11:28:10.156332" elapsed="6.472032"/>
</kw>
<kw name="login_Wab_and_input_email_password" owner="login_TS">
<kw name="Wait_Login_Page" owner="Login_page">
<kw name="Wait_Page" owner="common">
<kw name="Wait Until Element Is Visible" owner="SeleniumLibrary">
<msg time="2025-01-25T11:28:27.105398" level="INFO" html="true">&lt;/td&gt;&lt;/tr&gt;&lt;tr&gt;&lt;td colspan="3"&gt;&lt;a href="selenium-screenshot-1.png"&gt;&lt;img src="selenium-screenshot-1.png" width="800px"&gt;&lt;/a&gt;</msg>
<msg time="2025-01-25T11:28:27.105398" level="FAIL">Element 'xpath=//*[@class="input-email-form"]' not visible after 10 seconds.</msg>
<arg>${Locator}</arg>
<arg>${timeout}</arg>
<doc>Waits until the element ``locator`` is visible.</doc>
<status status="FAIL" start="2025-01-25T11:28:16.636363" elapsed="10.496315">Element 'xpath=//*[@class="input-email-form"]' not visible after 10 seconds.</status>
</kw>
<arg>xpath=//*[@class="input-email-form"]</arg>
<doc>รอจนกว่าจะพบช่อง Page Should Contain</doc>
<status status="FAIL" start="2025-01-25T11:28:16.634361" elapsed="10.501079">Element 'xpath=//*[@class="input-email-form"]' not visible after 10 seconds.</status>
</kw>
<status status="FAIL" start="2025-01-25T11:28:16.632362" elapsed="10.503078">Element 'xpath=//*[@class="input-email-form"]' not visible after 10 seconds.</status>
</kw>
<kw name="input_email_user_login" owner="Login_page">
<arg>${Username}</arg>
<doc>กรอก email</doc>
<status status="NOT RUN" start="2025-01-25T11:28:27.137197" elapsed="0.000000"/>
</kw>
<kw name="input_password_user_login" owner="Login_page">
<arg>${password}</arg>
<doc>กรอก password</doc>
<status status="NOT RUN" start="2025-01-25T11:28:27.137197" elapsed="0.000000"/>
</kw>
<kw name="Click_login_Button" owner="Login_page">
<status status="NOT RUN" start="2025-01-25T11:28:27.138382" elapsed="0.000000"/>
</kw>
<arg>${email}</arg>
<arg>${password}</arg>
<doc>กรอกข้อมูลเเละ Login</doc>
<status status="FAIL" start="2025-01-25T11:28:16.630357" elapsed="10.508025">Element 'xpath=//*[@class="input-email-form"]' not visible after 10 seconds.</status>
</kw>
<kw name="Close_Browser" owner="common" type="TEARDOWN">
<kw name="Close Browser" owner="SeleniumLibrary">
<doc>Closes the current browser.</doc>
<status status="PASS" start="2025-01-25T11:28:27.140434" elapsed="6.236810"/>
</kw>
<doc>ปิดเบราว์เซอร์เมื่อเสร็จสิ้นการทดสอบ</doc>
<status status="PASS" start="2025-01-25T11:28:27.139773" elapsed="6.237471"/>
</kw>
<doc>ลูกค้าlOGINสำเร็จ</doc>
<tag>TC_01</tag>
<status status="FAIL" start="2025-01-25T11:27:21.276264" elapsed="72.100980">Element 'xpath=//*[@class="input-email-form"]' not visible after 10 seconds.</status>
</test>
<test id="s1-s1-t2" name="TC02_LOGIN AND SEARD ITEM" line="13">
<msg time="2025-01-25T11:28:33.383292" level="INFO">${DataDriver_TEST_DATA} = {'ERROR': 'Test Case not found...'}</msg>
<kw name="setup_Testcase" owner="common" type="SETUP">
<kw name="Close_Browser" owner="common">
<kw name="Close Browser" owner="SeleniumLibrary">
<doc>Closes the current browser.</doc>
<status status="PASS" start="2025-01-25T11:28:33.385313" elapsed="0.002017"/>
</kw>
<doc>ปิดเบราว์เซอร์เมื่อเสร็จสิ้นการทดสอบ</doc>
<status status="PASS" start="2025-01-25T11:28:33.385313" elapsed="0.002017"/>
</kw>
<kw name="Open_Browser" owner="common">
<kw name="Open Browser" owner="SeleniumLibrary">
<msg time="2025-01-25T11:28:33.389351" level="INFO">Opening browser 'headlessChrome' to base url 'https://www-allonline-uat.cpall.co.th/'.</msg>
<msg time="2025-01-25T11:28:44.843614" level="WARN">The chromedriver version (131.0.6778.265) detected in PATH at D:\ProgramFile\chromedriver\chromedriver.exe might not be compatible with the detected chrome version (132.0.6834.84); currently, chromedriver 132.0.6834.110 is recommended for chrome 132.*, so it is advised to delete the driver in PATH and retry</msg>
<arg>${URL}</arg>
<arg>${Browser}</arg>
<doc>Opens a new browser instance to the optional ``url``.</doc>
<status status="PASS" start="2025-01-25T11:28:33.389351" elapsed="30.724644"/>
</kw>
<kw name="Maximize Browser Window" owner="SeleniumLibrary">
<doc>Maximizes current browser window.</doc>
<status status="PASS" start="2025-01-25T11:29:04.114992" elapsed="9.479630"/>
</kw>
<arg>${URL}</arg>
<arg>${Browser}</arg>
<doc>เปิดเบราว์เซอร์ที่ URL ที่กำหนด</doc>
<status status="PASS" start="2025-01-25T11:28:33.387330" elapsed="40.208290"/>
</kw>
<arg>${MAPPING}[${ENV}][URL]</arg>
<arg>${MAPPING}[${ENV}][BROWSER]</arg>
<doc>URL temp</doc>
<status status="PASS" start="2025-01-25T11:28:33.383292" elapsed="40.213330"/>
</kw>
<kw name="Click_btn_allmember_login" owner="All_Online_Main_page">
<kw name="Click_Element" owner="common">
<kw name="Wait_Page" owner="common">
<kw name="Wait Until Element Is Visible" owner="SeleniumLibrary">
<arg>${Locator}</arg>
<arg>${timeout}</arg>
<doc>Waits until the element ``locator`` is visible.</doc>
<status status="PASS" start="2025-01-25T11:29:13.602167" elapsed="1.656888"/>
</kw>
<arg>${Locator}</arg>
<doc>รอจนกว่าจะพบช่อง Page Should Contain</doc>
<status status="PASS" start="2025-01-25T11:29:13.601160" elapsed="1.659917"/>
</kw>
<kw name="Click Element" owner="SeleniumLibrary">
<msg time="2025-01-25T11:29:15.263171" level="INFO">Clicking element 'xpath=//*[@class="btn-allmember-login nopd onLine"]'.</msg>
<arg>${Locator}</arg>
<doc>Click the element identified by ``locator``.</doc>
<status status="PASS" start="2025-01-25T11:29:15.261077" elapsed="5.274497"/>
</kw>
<arg>xpath=//*[@class="btn-allmember-login nopd onLine"]</arg>
<doc>คลิกที่องค์ประกอบที่ระบุ Click Element</doc>
<status status="PASS" start="2025-01-25T11:29:13.599145" elapsed="6.936429"/>
</kw>
<doc>คลิกปุ่ม Login</doc>
<status status="PASS" start="2025-01-25T11:29:13.597620" elapsed="6.937954"/>
</kw>
<kw name="login_Wab_and_input_email_password" owner="login_TS">
<kw name="Wait_Login_Page" owner="Login_page">
<kw name="Wait_Page" owner="common">
<kw name="Wait Until Element Is Visible" owner="SeleniumLibrary">
<msg time="2025-01-25T11:29:31.253756" level="INFO" html="true">&lt;/td&gt;&lt;/tr&gt;&lt;tr&gt;&lt;td colspan="3"&gt;&lt;a href="selenium-screenshot-2.png"&gt;&lt;img src="selenium-screenshot-2.png" width="800px"&gt;&lt;/a&gt;</msg>
<msg time="2025-01-25T11:29:31.254266" level="FAIL">Element 'xpath=//*[@class="input-email-form"]' not visible after 10 seconds.</msg>
<arg>${Locator}</arg>
<arg>${timeout}</arg>
<doc>Waits until the element ``locator`` is visible.</doc>
<status status="FAIL" start="2025-01-25T11:29:20.545068" elapsed="10.710200">Element 'xpath=//*[@class="input-email-form"]' not visible after 10 seconds.</status>
</kw>
<arg>xpath=//*[@class="input-email-form"]</arg>
<doc>รอจนกว่าจะพบช่อง Page Should Contain</doc>
<status status="FAIL" start="2025-01-25T11:29:20.540579" elapsed="10.716688">Element 'xpath=//*[@class="input-email-form"]' not visible after 10 seconds.</status>
</kw>
<status status="FAIL" start="2025-01-25T11:29:20.538572" elapsed="10.722938">Element 'xpath=//*[@class="input-email-form"]' not visible after 10 seconds.</status>
</kw>
<kw name="input_email_user_login" owner="Login_page">
<arg>${Username}</arg>
<doc>กรอก email</doc>
<status status="NOT RUN" start="2025-01-25T11:29:31.264512" elapsed="0.001050"/>
</kw>
<kw name="input_password_user_login" owner="Login_page">
<arg>${password}</arg>
<doc>กรอก password</doc>
<status status="NOT RUN" start="2025-01-25T11:29:31.266510" elapsed="0.000000"/>
</kw>
<kw name="Click_login_Button" owner="Login_page">
<status status="NOT RUN" start="2025-01-25T11:29:31.267519" elapsed="0.000995"/>
</kw>
<arg>${email}</arg>
<arg>${password}</arg>
<doc>กรอกข้อมูลเเละ Login</doc>
<status status="FAIL" start="2025-01-25T11:29:20.536568" elapsed="10.731946">Element 'xpath=//*[@class="input-email-form"]' not visible after 10 seconds.</status>
</kw>
<kw name="search_item_by_keyword_input" owner="main_TS">
<arg>${SEARCH}</arg>
<doc>ค้นหาคำที่ต้องการเเละกด ค้นหา</doc>
<status status="NOT RUN" start="2025-01-25T11:29:31.269513" elapsed="0.001006"/>
</kw>
<kw name="Click_Image_item" owner="All_Online_Main_page">
<arg>${SHOTNAME}</arg>
<doc>คลิก iem ที่ต้องการ</doc>
<status status="NOT RUN" start="2025-01-25T11:29:31.271515" elapsed="0.000999"/>
</kw>
<kw name="Close_Browser" owner="common" type="TEARDOWN">
<kw name="Close Browser" owner="SeleniumLibrary">
<doc>Closes the current browser.</doc>
<status status="PASS" start="2025-01-25T11:29:31.274537" elapsed="8.670483"/>
</kw>
<doc>ปิดเบราว์เซอร์เมื่อเสร็จสิ้นการทดสอบ</doc>
<status status="PASS" start="2025-01-25T11:29:31.273537" elapsed="8.671483"/>
</kw>
<doc>ตรวจสอบการ Search ข้อมูลสินค้า</doc>
<tag>TC_02</tag>
<status status="FAIL" start="2025-01-25T11:28:33.379260" elapsed="66.565760">Element 'xpath=//*[@class="input-email-form"]' not visible after 10 seconds.</status>
</test>
<test id="s1-s1-t3" name="TC04_customer_successfully_placed_order" line="20">
<msg time="2025-01-25T11:29:39.951700" level="INFO">${DataDriver_TEST_DATA} = {'ERROR': 'Test Case not found...'}</msg>
<kw name="setup_Testcase" owner="common" type="SETUP">
<kw name="Close_Browser" owner="common">
<kw name="Close Browser" owner="SeleniumLibrary">
<doc>Closes the current browser.</doc>
<status status="PASS" start="2025-01-25T11:29:39.955259" elapsed="0.000000"/>
</kw>
<doc>ปิดเบราว์เซอร์เมื่อเสร็จสิ้นการทดสอบ</doc>
<status status="PASS" start="2025-01-25T11:29:39.953214" elapsed="0.002045"/>
</kw>
<kw name="Open_Browser" owner="common">
<kw name="Open Browser" owner="SeleniumLibrary">
<msg time="2025-01-25T11:29:39.955259" level="INFO">Opening browser 'headlessChrome' to base url 'https://www-allonline-uat.cpall.co.th/'.</msg>
<msg time="2025-01-25T11:29:53.408778" level="WARN">The chromedriver version (131.0.6778.265) detected in PATH at D:\ProgramFile\chromedriver\chromedriver.exe might not be compatible with the detected chrome version (132.0.6834.84); currently, chromedriver 132.0.6834.110 is recommended for chrome 132.*, so it is advised to delete the driver in PATH and retry</msg>
<arg>${URL}</arg>
<arg>${Browser}</arg>
<doc>Opens a new browser instance to the optional ``url``.</doc>
<status status="PASS" start="2025-01-25T11:29:39.955259" elapsed="37.008737"/>
</kw>
<kw name="Maximize Browser Window" owner="SeleniumLibrary">
<doc>Maximizes current browser window.</doc>
<status status="PASS" start="2025-01-25T11:30:16.963996" elapsed="0.566842"/>
</kw>
<arg>${URL}</arg>
<arg>${Browser}</arg>
<doc>เปิดเบราว์เซอร์ที่ URL ที่กำหนด</doc>
<status status="PASS" start="2025-01-25T11:29:39.955259" elapsed="37.575579"/>
</kw>
<arg>${MAPPING}[${ENV}][URL]</arg>
<arg>${MAPPING}[${ENV}][BROWSER]</arg>
<doc>URL temp</doc>
<status status="PASS" start="2025-01-25T11:29:39.953214" elapsed="37.577624"/>
</kw>
<kw name="Click_btn_allmember_login" owner="All_Online_Main_page">
<kw name="Click_Element" owner="common">
<kw name="Wait_Page" owner="common">
<kw name="Wait Until Element Is Visible" owner="SeleniumLibrary">
<arg>${Locator}</arg>
<arg>${timeout}</arg>
<doc>Waits until the element ``locator`` is visible.</doc>
<status status="PASS" start="2025-01-25T11:30:17.536912" elapsed="0.886623"/>
</kw>
<arg>${Locator}</arg>
<doc>รอจนกว่าจะพบช่อง Page Should Contain</doc>
<status status="PASS" start="2025-01-25T11:30:17.534910" elapsed="0.889132"/>
</kw>
<kw name="Click Element" owner="SeleniumLibrary">
<msg time="2025-01-25T11:30:18.425623" level="INFO">Clicking element 'xpath=//*[@class="btn-allmember-login nopd onLine"]'.</msg>
<arg>${Locator}</arg>
<doc>Click the element identified by ``locator``.</doc>
<status status="PASS" start="2025-01-25T11:30:18.424555" elapsed="3.024668"/>
</kw>
<arg>xpath=//*[@class="btn-allmember-login nopd onLine"]</arg>
<doc>คลิกที่องค์ประกอบที่ระบุ Click Element</doc>
<status status="PASS" start="2025-01-25T11:30:17.532895" elapsed="3.916328"/>
</kw>
<doc>คลิกปุ่ม Login</doc>
<status status="PASS" start="2025-01-25T11:30:17.532351" elapsed="3.916872"/>
</kw>
<kw name="login_Wab_and_input_email_password" owner="login_TS">
<kw name="Wait_Login_Page" owner="Login_page">
<kw name="Wait_Page" owner="common">
<kw name="Wait Until Element Is Visible" owner="SeleniumLibrary">
<msg time="2025-01-25T11:30:31.878457" level="INFO" html="true">&lt;/td&gt;&lt;/tr&gt;&lt;tr&gt;&lt;td colspan="3"&gt;&lt;a href="selenium-screenshot-3.png"&gt;&lt;img src="selenium-screenshot-3.png" width="800px"&gt;&lt;/a&gt;</msg>
<msg time="2025-01-25T11:30:31.879463" level="FAIL">Element 'xpath=//*[@class="input-email-form"]' not visible after 10 seconds.</msg>
<arg>${Locator}</arg>
<arg>${timeout}</arg>
<doc>Waits until the element ``locator`` is visible.</doc>
<status status="FAIL" start="2025-01-25T11:30:21.456778" elapsed="10.424685">Element 'xpath=//*[@class="input-email-form"]' not visible after 10 seconds.</status>
</kw>
<arg>xpath=//*[@class="input-email-form"]</arg>
<doc>รอจนกว่าจะพบช่อง Page Should Contain</doc>
<status status="FAIL" start="2025-01-25T11:30:21.454227" elapsed="10.428240">Element 'xpath=//*[@class="input-email-form"]' not visible after 10 seconds.</status>
</kw>
<status status="FAIL" start="2025-01-25T11:30:21.452242" elapsed="10.430225">Element 'xpath=//*[@class="input-email-form"]' not visible after 10 seconds.</status>
</kw>
<kw name="input_email_user_login" owner="Login_page">
<arg>${Username}</arg>
<doc>กรอก email</doc>
<status status="NOT RUN" start="2025-01-25T11:30:31.883463" elapsed="0.000000"/>
</kw>
<kw name="input_password_user_login" owner="Login_page">
<arg>${password}</arg>
<doc>กรอก password</doc>
<status status="NOT RUN" start="2025-01-25T11:30:31.884982" elapsed="0.001188"/>
</kw>
<kw name="Click_login_Button" owner="Login_page">
<status status="NOT RUN" start="2025-01-25T11:30:31.886782" elapsed="0.000407"/>
</kw>
<arg>${email}</arg>
<arg>${password}</arg>
<doc>กรอกข้อมูลเเละ Login</doc>
<status status="FAIL" start="2025-01-25T11:30:21.450220" elapsed="10.437478">Element 'xpath=//*[@class="input-email-form"]' not visible after 10 seconds.</status>
</kw>
<kw name="search_item_by_keyword_input" owner="main_TS">
<arg>${SEARCH}</arg>
<doc>ค้นหาคำที่ต้องการเเละกด ค้นหา</doc>
<status status="NOT RUN" start="2025-01-25T11:30:31.887698" elapsed="0.001013"/>
</kw>
<kw name="Click_item_and_and_Store_id" owner="main_TS">
<arg>${SHOTNAME}</arg>
<arg>${STORE}</arg>
<doc>กรอกข้อมูล เเละ เลขร้าน</doc>
<status status="NOT RUN" start="2025-01-25T11:30:31.889714" elapsed="0.000999"/>
</kw>
<kw name="payment_input_data_CC_and_payment" owner="CS_payment_TS">
<arg>${NAMECC}</arg>
<arg>${NUMBERCC}</arg>
<arg>${EXDADECC}</arg>
<arg>${CVCODECC}</arg>
<doc>กรอกข้อมูล เเละ ยืนยัน ที่หน้าจอชำระ</doc>
<status status="NOT RUN" start="2025-01-25T11:30:31.891718" elapsed="0.000993"/>
</kw>
<kw name="payment_input_OTP" owner="CS_payment_TS">
<arg>${OTPNO}</arg>
<doc>กรอกข้อมูล เเละ ยืนยัน ที่หน้าจอชำระ</doc>
<status status="NOT RUN" start="2025-01-25T11:30:31.894716" elapsed="0.001022"/>
</kw>
<kw name="Close_Browser" owner="common" type="TEARDOWN">
<kw name="Close Browser" owner="SeleniumLibrary">
<doc>Closes the current browser.</doc>
<status status="PASS" start="2025-01-25T11:30:31.899729" elapsed="6.229320"/>
</kw>
<doc>ปิดเบราว์เซอร์เมื่อเสร็จสิ้นการทดสอบ</doc>
<status status="PASS" start="2025-01-25T11:30:31.897737" elapsed="6.232309"/>
</kw>
<doc>ลูกค้าสั่งซื้อสินค้าเลือกรับที่ร้านและชำระเงินด้วยบัตรเดบิต CASE FOCUS การส่ง เเละวิธีการสั่งซื้อ</doc>
<tag>TC_05</tag>
<status status="FAIL" start="2025-01-25T11:29:39.947542" elapsed="58.182504">Element 'xpath=//*[@class="input-email-form"]' not visible after 10 seconds.</status>
</test>
<status status="FAIL" start="2025-01-25T11:27:19.348937" elapsed="198.782108"/>
</suite>
<status status="FAIL" start="2025-01-25T11:27:19.329053" elapsed="198.803234"/>
</suite>
<statistics>
<total>
<stat pass="0" fail="3" skip="0">All Tests</stat>
</total>
<tag>
<stat pass="0" fail="1" skip="0">TC_01</stat>
<stat pass="0" fail="1" skip="0">TC_02</stat>
<stat pass="0" fail="1" skip="0">TC_05</stat>
</tag>
<suite>
<stat name="Suites" id="s1" pass="0" fail="3" skip="0">Suites</stat>
<stat name="TC05 TESTSIT" id="s1-s1" pass="0" fail="3" skip="0">Suites.TC05 TESTSIT</stat>
</suite>
</statistics>
<errors>
<msg time="2025-01-25T11:27:21.179131" level="WARN">Error in file 'H:\gosoft-thailand\AllOnlineBot\common\common.robot' on line 52: The '[Return]' setting is deprecated. Use the 'RETURN' statement instead.</msg>
<msg time="2025-01-25T11:27:21.265325" level="ERROR">[ DataDriver ] Error in robot file:
  File "H:\gosoft-thailand\AllOnlineBot\Test\TC05_TESTSIT.robot", line 0</msg>
<msg time="2025-01-25T11:27:21.265325" level="ERROR">In source file:
  File "Workshop-Group-5.xlsx", line 0</msg>
<msg time="2025-01-25T11:27:21.276264" level="ERROR">Calling method '_start_suite' of listener 'DataDriver' failed: ImportError: Requirements (pandas, openpyxl) for XLSX support are not installed.
    Use 'pip install -U robotframework-datadriver[XLS]' to install XLSX support.</msg>
<msg time="2025-01-25T11:27:32.792872" level="WARN">The chromedriver version (131.0.6778.265) detected in PATH at D:\ProgramFile\chromedriver\chromedriver.exe might not be compatible with the detected chrome version (132.0.6834.84); currently, chromedriver 132.0.6834.110 is recommended for chrome 132.*, so it is advised to delete the driver in PATH and retry</msg>
<msg time="2025-01-25T11:28:44.843614" level="WARN">The chromedriver version (131.0.6778.265) detected in PATH at D:\ProgramFile\chromedriver\chromedriver.exe might not be compatible with the detected chrome version (132.0.6834.84); currently, chromedriver 132.0.6834.110 is recommended for chrome 132.*, so it is advised to delete the driver in PATH and retry</msg>
<msg time="2025-01-25T11:29:53.408778" level="WARN">The chromedriver version (131.0.6778.265) detected in PATH at D:\ProgramFile\chromedriver\chromedriver.exe might not be compatible with the detected chrome version (132.0.6834.84); currently, chromedriver 132.0.6834.110 is recommended for chrome 132.*, so it is advised to delete the driver in PATH and retry</msg>
</errors>
</robot>
