<?xml version="1.0" encoding="UTF-8"?>
<robot generator="Robot 7.2 (Python 3.12.8 on win32)" generated="2025-01-25T11:25:22.414002" rpa="false" schemaversion="5">
<suite id="s1" name="TC05 placed order" source="H:\gosoft-thailand\AllOnlineBot\Test\TC05_placed_order.robot">
<test id="s1-t1" name="TC01_LOGIN_PAGE" line="8">
<msg time="2025-01-25T11:25:25.291981" level="INFO">${DataDriver_TEST_DATA} = {'ERROR': 'Test Case not found...'}</msg>
<kw name="setup_Testcase" owner="common" type="SETUP">
<kw name="Close_Browser" owner="common">
<kw name="Close Browser" owner="SeleniumLibrary">
<doc>Closes the current browser.</doc>
<status status="NOT RUN" start="2025-01-25T11:25:25.294012" elapsed="0.000000"/>
</kw>
<doc>ปิดเบราว์เซอร์เมื่อเสร็จสิ้นการทดสอบ</doc>
<status status="PASS" start="2025-01-25T11:25:25.294012" elapsed="0.000000"/>
</kw>
<kw name="Open_Browser" owner="common">
<kw name="Open Browser" owner="SeleniumLibrary">
<arg>${URL}</arg>
<arg>${Browser}</arg>
<doc>Opens a new browser instance to the optional ``url``.</doc>
<status status="NOT RUN" start="2025-01-25T11:25:25.294012" elapsed="0.000000"/>
</kw>
<kw name="Maximize Browser Window" owner="SeleniumLibrary">
<doc>Maximizes current browser window.</doc>
<status status="NOT RUN" start="2025-01-25T11:25:25.294012" elapsed="0.000000"/>
</kw>
<arg>${URL}</arg>
<arg>${Browser}</arg>
<doc>เปิดเบราว์เซอร์ที่ URL ที่กำหนด</doc>
<status status="PASS" start="2025-01-25T11:25:25.294012" elapsed="0.000000"/>
</kw>
<arg>${MAPPING}[${ENV}][URL]</arg>
<arg>${MAPPING}[${ENV}][BROWSER]</arg>
<doc>URL temp</doc>
<status status="PASS" start="2025-01-25T11:25:25.292977" elapsed="0.001035"/>
</kw>
<kw name="Click_btn_allmember_login" owner="All_Online_Main_page">
<kw name="Click_Element" owner="common">
<kw name="Wait_Page" owner="common">
<kw name="Wait Until Element Is Visible" owner="SeleniumLibrary">
<arg>${Locator}</arg>
<arg>${timeout}</arg>
<doc>Waits until the element ``locator`` is visible.</doc>
<status status="NOT RUN" start="2025-01-25T11:25:25.294012" elapsed="0.000000"/>
</kw>
<arg>${Locator}</arg>
<doc>รอจนกว่าจะพบช่อง Page Should Contain</doc>
<status status="PASS" start="2025-01-25T11:25:25.294012" elapsed="0.000000"/>
</kw>
<kw name="Click Element" owner="SeleniumLibrary">
<arg>${Locator}</arg>
<doc>Click the element identified by ``locator``.</doc>
<status status="NOT RUN" start="2025-01-25T11:25:25.294012" elapsed="0.000000"/>
</kw>
<arg>xpath=//*[@class="btn-allmember-login nopd onLine"]</arg>
<doc>คลิกที่องค์ประกอบที่ระบุ Click Element</doc>
<status status="PASS" start="2025-01-25T11:25:25.294012" elapsed="0.000000"/>
</kw>
<doc>คลิกปุ่ม Login</doc>
<status status="PASS" start="2025-01-25T11:25:25.294012" elapsed="0.000000"/>
</kw>
<kw name="login_Wab_and_input_email_password" owner="login_TS">
<kw name="Wait_Login_Page" owner="Login_page">
<kw name="Wait_Page" owner="common">
<kw name="Wait Until Element Is Visible" owner="SeleniumLibrary">
<arg>${Locator}</arg>
<arg>${timeout}</arg>
<doc>Waits until the element ``locator`` is visible.</doc>
<status status="NOT RUN" start="2025-01-25T11:25:25.294012" elapsed="0.000000"/>
</kw>
<arg>xpath=//*[@class="input-email-form"]</arg>
<doc>รอจนกว่าจะพบช่อง Page Should Contain</doc>
<status status="PASS" start="2025-01-25T11:25:25.294012" elapsed="0.000000"/>
</kw>
<status status="PASS" start="2025-01-25T11:25:25.294012" elapsed="0.000000"/>
</kw>
<kw name="input_email_user_login" owner="Login_page">
<kw name="Input_Text_Into_Field" owner="common">
<kw name="Input Text" owner="SeleniumLibrary">
<arg>${Locator}</arg>
<arg>${Text}</arg>
<doc>Types the given ``text`` into the text field identified by ``locator``.</doc>
<status status="NOT RUN" start="2025-01-25T11:25:25.294012" elapsed="0.000000"/>
</kw>
<arg>xpath=//*[@class="input-email-form"]</arg>
<arg>${Test}</arg>
<doc>ป้อนข้อความลงในช่องที่ระบุ Input Text</doc>
<status status="PASS" start="2025-01-25T11:25:25.294012" elapsed="0.000000"/>
</kw>
<arg>${Username}</arg>
<doc>กรอก email</doc>
<status status="PASS" start="2025-01-25T11:25:25.294012" elapsed="0.000000"/>
</kw>
<kw name="input_password_user_login" owner="Login_page">
<kw name="Input_Text_Into_Field" owner="common">
<kw name="Input Text" owner="SeleniumLibrary">
<arg>${Locator}</arg>
<arg>${Text}</arg>
<doc>Types the given ``text`` into the text field identified by ``locator``.</doc>
<status status="NOT RUN" start="2025-01-25T11:25:25.294012" elapsed="0.000000"/>
</kw>
<arg>xpath=//*[@class="input-password-form"]</arg>
<arg>${Test}</arg>
<doc>ป้อนข้อความลงในช่องที่ระบุ Input Text</doc>
<status status="PASS" start="2025-01-25T11:25:25.294012" elapsed="0.000000"/>
</kw>
<arg>${password}</arg>
<doc>กรอก password</doc>
<status status="PASS" start="2025-01-25T11:25:25.294012" elapsed="0.000000"/>
</kw>
<kw name="Click_login_Button" owner="Login_page">
<kw name="Click_Element" owner="common">
<kw name="Wait_Page" owner="common">
<kw name="Wait Until Element Is Visible" owner="SeleniumLibrary">
<arg>${Locator}</arg>
<arg>${timeout}</arg>
<doc>Waits until the element ``locator`` is visible.</doc>
<status status="NOT RUN" start="2025-01-25T11:25:25.294012" elapsed="0.000000"/>
</kw>
<arg>${Locator}</arg>
<doc>รอจนกว่าจะพบช่อง Page Should Contain</doc>
<status status="PASS" start="2025-01-25T11:25:25.294012" elapsed="0.000000"/>
</kw>
<kw name="Click Element" owner="SeleniumLibrary">
<arg>${Locator}</arg>
<doc>Click the element identified by ``locator``.</doc>
<status status="NOT RUN" start="2025-01-25T11:25:25.294012" elapsed="0.000000"/>
</kw>
<arg>xpath=//*[@class="btn btn-small"]</arg>
<doc>คลิกที่องค์ประกอบที่ระบุ Click Element</doc>
<status status="PASS" start="2025-01-25T11:25:25.294012" elapsed="0.000000"/>
</kw>
<status status="PASS" start="2025-01-25T11:25:25.294012" elapsed="0.000000"/>
</kw>
<arg>${email}</arg>
<arg>${password}</arg>
<doc>กรอกข้อมูลเเละ Login</doc>
<status status="PASS" start="2025-01-25T11:25:25.294012" elapsed="0.000000"/>
</kw>
<kw name="Close_Browser" owner="common" type="TEARDOWN">
<kw name="Close Browser" owner="SeleniumLibrary">
<doc>Closes the current browser.</doc>
<status status="NOT RUN" start="2025-01-25T11:25:25.294012" elapsed="0.000000"/>
</kw>
<doc>ปิดเบราว์เซอร์เมื่อเสร็จสิ้นการทดสอบ</doc>
<status status="PASS" start="2025-01-25T11:25:25.294012" elapsed="0.000000"/>
</kw>
<doc>ลูกค้าlOGINสำเร็จ</doc>
<tag>TC_01</tag>
<status status="PASS" start="2025-01-25T11:25:25.290988" elapsed="0.003024"/>
</test>
<test id="s1-t2" name="TC02_LOGIN AND SEARD ITEM" line="13">
<msg time="2025-01-25T11:25:25.304666" level="INFO">${DataDriver_TEST_DATA} = {'ERROR': 'Test Case not found...'}</msg>
<kw name="setup_Testcase" owner="common" type="SETUP">
<kw name="Close_Browser" owner="common">
<kw name="Close Browser" owner="SeleniumLibrary">
<doc>Closes the current browser.</doc>
<status status="NOT RUN" start="2025-01-25T11:25:25.305665" elapsed="0.000000"/>
</kw>
<doc>ปิดเบราว์เซอร์เมื่อเสร็จสิ้นการทดสอบ</doc>
<status status="PASS" start="2025-01-25T11:25:25.305665" elapsed="0.000000"/>
</kw>
<kw name="Open_Browser" owner="common">
<kw name="Open Browser" owner="SeleniumLibrary">
<arg>${URL}</arg>
<arg>${Browser}</arg>
<doc>Opens a new browser instance to the optional ``url``.</doc>
<status status="NOT RUN" start="2025-01-25T11:25:25.305665" elapsed="0.000000"/>
</kw>
<kw name="Maximize Browser Window" owner="SeleniumLibrary">
<doc>Maximizes current browser window.</doc>
<status status="NOT RUN" start="2025-01-25T11:25:25.305665" elapsed="0.000992"/>
</kw>
<arg>${URL}</arg>
<arg>${Browser}</arg>
<doc>เปิดเบราว์เซอร์ที่ URL ที่กำหนด</doc>
<status status="PASS" start="2025-01-25T11:25:25.305665" elapsed="0.001993"/>
</kw>
<arg>${MAPPING}[${ENV}][URL]</arg>
<arg>${MAPPING}[${ENV}][BROWSER]</arg>
<doc>URL temp</doc>
<status status="PASS" start="2025-01-25T11:25:25.304666" elapsed="0.002992"/>
</kw>
<kw name="Click_btn_allmember_login" owner="All_Online_Main_page">
<kw name="Click_Element" owner="common">
<kw name="Wait_Page" owner="common">
<kw name="Wait Until Element Is Visible" owner="SeleniumLibrary">
<arg>${Locator}</arg>
<arg>${timeout}</arg>
<doc>Waits until the element ``locator`` is visible.</doc>
<status status="NOT RUN" start="2025-01-25T11:25:25.308738" elapsed="0.000000"/>
</kw>
<arg>${Locator}</arg>
<doc>รอจนกว่าจะพบช่อง Page Should Contain</doc>
<status status="PASS" start="2025-01-25T11:25:25.307658" elapsed="0.001080"/>
</kw>
<kw name="Click Element" owner="SeleniumLibrary">
<arg>${Locator}</arg>
<doc>Click the element identified by ``locator``.</doc>
<status status="NOT RUN" start="2025-01-25T11:25:25.308738" elapsed="0.000000"/>
</kw>
<arg>xpath=//*[@class="btn-allmember-login nopd onLine"]</arg>
<doc>คลิกที่องค์ประกอบที่ระบุ Click Element</doc>
<status status="PASS" start="2025-01-25T11:25:25.307658" elapsed="0.001080"/>
</kw>
<doc>คลิกปุ่ม Login</doc>
<status status="PASS" start="2025-01-25T11:25:25.307658" elapsed="0.001080"/>
</kw>
<kw name="login_Wab_and_input_email_password" owner="login_TS">
<kw name="Wait_Login_Page" owner="Login_page">
<kw name="Wait_Page" owner="common">
<kw name="Wait Until Element Is Visible" owner="SeleniumLibrary">
<arg>${Locator}</arg>
<arg>${timeout}</arg>
<doc>Waits until the element ``locator`` is visible.</doc>
<status status="NOT RUN" start="2025-01-25T11:25:25.308738" elapsed="0.000000"/>
</kw>
<arg>xpath=//*[@class="input-email-form"]</arg>
<doc>รอจนกว่าจะพบช่อง Page Should Contain</doc>
<status status="PASS" start="2025-01-25T11:25:25.308738" elapsed="0.000000"/>
</kw>
<status status="PASS" start="2025-01-25T11:25:25.308738" elapsed="0.000000"/>
</kw>
<kw name="input_email_user_login" owner="Login_page">
<kw name="Input_Text_Into_Field" owner="common">
<kw name="Input Text" owner="SeleniumLibrary">
<arg>${Locator}</arg>
<arg>${Text}</arg>
<doc>Types the given ``text`` into the text field identified by ``locator``.</doc>
<status status="NOT RUN" start="2025-01-25T11:25:25.311853" elapsed="0.000000"/>
</kw>
<arg>xpath=//*[@class="input-email-form"]</arg>
<arg>${Test}</arg>
<doc>ป้อนข้อความลงในช่องที่ระบุ Input Text</doc>
<status status="PASS" start="2025-01-25T11:25:25.308738" elapsed="0.003115"/>
</kw>
<arg>${Username}</arg>
<doc>กรอก email</doc>
<status status="PASS" start="2025-01-25T11:25:25.308738" elapsed="0.003115"/>
</kw>
<kw name="input_password_user_login" owner="Login_page">
<kw name="Input_Text_Into_Field" owner="common">
<kw name="Input Text" owner="SeleniumLibrary">
<arg>${Locator}</arg>
<arg>${Text}</arg>
<doc>Types the given ``text`` into the text field identified by ``locator``.</doc>
<status status="NOT RUN" start="2025-01-25T11:25:25.312952" elapsed="0.000000"/>
</kw>
<arg>xpath=//*[@class="input-password-form"]</arg>
<arg>${Test}</arg>
<doc>ป้อนข้อความลงในช่องที่ระบุ Input Text</doc>
<status status="PASS" start="2025-01-25T11:25:25.312952" elapsed="0.000000"/>
</kw>
<arg>${password}</arg>
<doc>กรอก password</doc>
<status status="PASS" start="2025-01-25T11:25:25.312952" elapsed="0.000000"/>
</kw>
<kw name="Click_login_Button" owner="Login_page">
<kw name="Click_Element" owner="common">
<kw name="Wait_Page" owner="common">
<kw name="Wait Until Element Is Visible" owner="SeleniumLibrary">
<arg>${Locator}</arg>
<arg>${timeout}</arg>
<doc>Waits until the element ``locator`` is visible.</doc>
<status status="NOT RUN" start="2025-01-25T11:25:25.314264" elapsed="0.000000"/>
</kw>
<arg>${Locator}</arg>
<doc>รอจนกว่าจะพบช่อง Page Should Contain</doc>
<status status="PASS" start="2025-01-25T11:25:25.314264" elapsed="0.001011"/>
</kw>
<kw name="Click Element" owner="SeleniumLibrary">
<arg>${Locator}</arg>
<doc>Click the element identified by ``locator``.</doc>
<status status="NOT RUN" start="2025-01-25T11:25:25.315275" elapsed="0.000000"/>
</kw>
<arg>xpath=//*[@class="btn btn-small"]</arg>
<doc>คลิกที่องค์ประกอบที่ระบุ Click Element</doc>
<status status="PASS" start="2025-01-25T11:25:25.314264" elapsed="0.001011"/>
</kw>
<status status="PASS" start="2025-01-25T11:25:25.314264" elapsed="0.001011"/>
</kw>
<arg>${email}</arg>
<arg>${password}</arg>
<doc>กรอกข้อมูลเเละ Login</doc>
<status status="PASS" start="2025-01-25T11:25:25.308738" elapsed="0.006537"/>
</kw>
<kw name="search_item_by_keyword_input" owner="main_TS">
<kw name="Wait_btn_search_item" owner="All_Online_Main_page">
<kw name="Wait_Page" owner="common">
<kw name="Wait Until Element Is Visible" owner="SeleniumLibrary">
<arg>${Locator}</arg>
<arg>${timeout}</arg>
<doc>Waits until the element ``locator`` is visible.</doc>
<status status="NOT RUN" start="2025-01-25T11:25:25.316257" elapsed="0.000000"/>
</kw>
<arg>xpath=//*[@class="btn btn-default search"]</arg>
<arg>30</arg>
<doc>รอจนกว่าจะพบช่อง Page Should Contain</doc>
<status status="PASS" start="2025-01-25T11:25:25.316257" elapsed="0.001015"/>
</kw>
<doc>รอปุ่มค้นหา</doc>
<status status="PASS" start="2025-01-25T11:25:25.316257" elapsed="0.001015"/>
</kw>
<kw name="input_search_item" owner="All_Online_Main_page">
<kw name="Input_Text_Into_Field" owner="common">
<kw name="Input Text" owner="SeleniumLibrary">
<arg>${Locator}</arg>
<arg>${Text}</arg>
<doc>Types the given ``text`` into the text field identified by ``locator``.</doc>
<status status="NOT RUN" start="2025-01-25T11:25:25.317272" elapsed="0.000998"/>
</kw>
<arg>xpath=//*[@class="form-control header-search header-search-sug hasClear"]</arg>
<arg>${Test}</arg>
<doc>ป้อนข้อความลงในช่องที่ระบุ Input Text</doc>
<status status="PASS" start="2025-01-25T11:25:25.317272" elapsed="0.000998"/>
</kw>
<arg>${Test}</arg>
<doc>กรอก  ชื่อ สินค้า หรือ Keyword ที่ เกี่ยวข้อง</doc>
<status status="PASS" start="2025-01-25T11:25:25.317272" elapsed="0.000998"/>
</kw>
<kw name="Click_btn_search_item" owner="All_Online_Main_page">
<kw name="Click_Element" owner="common">
<kw name="Wait_Page" owner="common">
<kw name="Wait Until Element Is Visible" owner="SeleniumLibrary">
<arg>${Locator}</arg>
<arg>${timeout}</arg>
<doc>Waits until the element ``locator`` is visible.</doc>
<status status="NOT RUN" start="2025-01-25T11:25:25.318270" elapsed="0.000000"/>
</kw>
<arg>${Locator}</arg>
<doc>รอจนกว่าจะพบช่อง Page Should Contain</doc>
<status status="PASS" start="2025-01-25T11:25:25.318270" elapsed="0.001001"/>
</kw>
<kw name="Click Element" owner="SeleniumLibrary">
<arg>${Locator}</arg>
<doc>Click the element identified by ``locator``.</doc>
<status status="NOT RUN" start="2025-01-25T11:25:25.319271" elapsed="0.000000"/>
</kw>
<arg>xpath=//*[@class="btn btn-default search"]</arg>
<doc>คลิกที่องค์ประกอบที่ระบุ Click Element</doc>
<status status="PASS" start="2025-01-25T11:25:25.318270" elapsed="0.001001"/>
</kw>
<doc>คลิกปุ่ม ค้นหา</doc>
<status status="PASS" start="2025-01-25T11:25:25.318270" elapsed="0.001001"/>
</kw>
<arg>${SEARCH}</arg>
<doc>ค้นหาคำที่ต้องการเเละกด ค้นหา</doc>
<status status="PASS" start="2025-01-25T11:25:25.316257" elapsed="0.003014"/>
</kw>
<kw name="Click_Image_item" owner="All_Online_Main_page">
<kw name="Click_Element" owner="common">
<kw name="Wait_Page" owner="common">
<kw name="Wait Until Element Is Visible" owner="SeleniumLibrary">
<arg>${Locator}</arg>
<arg>${timeout}</arg>
<doc>Waits until the element ``locator`` is visible.</doc>
<status status="NOT RUN" start="2025-01-25T11:25:25.321680" elapsed="0.000000"/>
</kw>
<arg>${Locator}</arg>
<doc>รอจนกว่าจะพบช่อง Page Should Contain</doc>
<status status="PASS" start="2025-01-25T11:25:25.321680" elapsed="0.000000"/>
</kw>
<kw name="Click Element" owner="SeleniumLibrary">
<arg>${Locator}</arg>
<doc>Click the element identified by ``locator``.</doc>
<status status="NOT RUN" start="2025-01-25T11:25:25.321680" elapsed="0.000000"/>
</kw>
<arg>xpath=//*[starts-with(@title, "${Name}")]</arg>
<doc>คลิกที่องค์ประกอบที่ระบุ Click Element</doc>
<status status="PASS" start="2025-01-25T11:25:25.320661" elapsed="0.001019"/>
</kw>
<kw name="Wait_Page" owner="common">
<kw name="Wait Until Element Is Visible" owner="SeleniumLibrary">
<arg>${Locator}</arg>
<arg>${timeout}</arg>
<doc>Waits until the element ``locator`` is visible.</doc>
<status status="NOT RUN" start="2025-01-25T11:25:25.322680" elapsed="0.000000"/>
</kw>
<arg>xpath=//*[@id="title-product"]</arg>
<doc>รอจนกว่าจะพบช่อง Page Should Contain</doc>
<status status="PASS" start="2025-01-25T11:25:25.322680" elapsed="0.000000"/>
</kw>
<arg>${SHOTNAME}</arg>
<doc>คลิก iem ที่ต้องการ</doc>
<status status="PASS" start="2025-01-25T11:25:25.320661" elapsed="0.002019"/>
</kw>
<kw name="Close_Browser" owner="common" type="TEARDOWN">
<kw name="Close Browser" owner="SeleniumLibrary">
<doc>Closes the current browser.</doc>
<status status="NOT RUN" start="2025-01-25T11:25:25.323678" elapsed="0.000000"/>
</kw>
<doc>ปิดเบราว์เซอร์เมื่อเสร็จสิ้นการทดสอบ</doc>
<status status="PASS" start="2025-01-25T11:25:25.322680" elapsed="0.000998"/>
</kw>
<doc>ตรวจสอบการ Search ข้อมูลสินค้า</doc>
<tag>TC_02</tag>
<status status="PASS" start="2025-01-25T11:25:25.294012" elapsed="0.029666"/>
</test>
<test id="s1-t3" name="TC04_customer_successfully_placed_order" line="20">
<msg time="2025-01-25T11:25:25.329717" level="INFO">${DataDriver_TEST_DATA} = {'ERROR': 'Test Case not found...'}</msg>
<kw name="setup_Testcase" owner="common" type="SETUP">
<kw name="Close_Browser" owner="common">
<kw name="Close Browser" owner="SeleniumLibrary">
<doc>Closes the current browser.</doc>
<status status="NOT RUN" start="2025-01-25T11:25:25.330802" elapsed="0.000000"/>
</kw>
<doc>ปิดเบราว์เซอร์เมื่อเสร็จสิ้นการทดสอบ</doc>
<status status="PASS" start="2025-01-25T11:25:25.329717" elapsed="0.001085"/>
</kw>
<kw name="Open_Browser" owner="common">
<kw name="Open Browser" owner="SeleniumLibrary">
<arg>${URL}</arg>
<arg>${Browser}</arg>
<doc>Opens a new browser instance to the optional ``url``.</doc>
<status status="NOT RUN" start="2025-01-25T11:25:25.330802" elapsed="0.000000"/>
</kw>
<kw name="Maximize Browser Window" owner="SeleniumLibrary">
<doc>Maximizes current browser window.</doc>
<status status="NOT RUN" start="2025-01-25T11:25:25.330802" elapsed="0.000000"/>
</kw>
<arg>${URL}</arg>
<arg>${Browser}</arg>
<doc>เปิดเบราว์เซอร์ที่ URL ที่กำหนด</doc>
<status status="PASS" start="2025-01-25T11:25:25.330802" elapsed="0.000000"/>
</kw>
<arg>${MAPPING}[${ENV}][URL]</arg>
<arg>${MAPPING}[${ENV}][BROWSER]</arg>
<doc>URL temp</doc>
<status status="PASS" start="2025-01-25T11:25:25.329717" elapsed="0.001085"/>
</kw>
<kw name="Click_btn_allmember_login" owner="All_Online_Main_page">
<kw name="Click_Element" owner="common">
<kw name="Wait_Page" owner="common">
<kw name="Wait Until Element Is Visible" owner="SeleniumLibrary">
<arg>${Locator}</arg>
<arg>${timeout}</arg>
<doc>Waits until the element ``locator`` is visible.</doc>
<status status="NOT RUN" start="2025-01-25T11:25:25.331739" elapsed="0.000000"/>
</kw>
<arg>${Locator}</arg>
<doc>รอจนกว่าจะพบช่อง Page Should Contain</doc>
<status status="PASS" start="2025-01-25T11:25:25.331739" elapsed="0.000000"/>
</kw>
<kw name="Click Element" owner="SeleniumLibrary">
<arg>${Locator}</arg>
<doc>Click the element identified by ``locator``.</doc>
<status status="NOT RUN" start="2025-01-25T11:25:25.331739" elapsed="0.000000"/>
</kw>
<arg>xpath=//*[@class="btn-allmember-login nopd onLine"]</arg>
<doc>คลิกที่องค์ประกอบที่ระบุ Click Element</doc>
<status status="PASS" start="2025-01-25T11:25:25.331739" elapsed="0.000000"/>
</kw>
<doc>คลิกปุ่ม Login</doc>
<status status="PASS" start="2025-01-25T11:25:25.331739" elapsed="0.000000"/>
</kw>
<kw name="login_Wab_and_input_email_password" owner="login_TS">
<kw name="Wait_Login_Page" owner="Login_page">
<kw name="Wait_Page" owner="common">
<kw name="Wait Until Element Is Visible" owner="SeleniumLibrary">
<arg>${Locator}</arg>
<arg>${timeout}</arg>
<doc>Waits until the element ``locator`` is visible.</doc>
<status status="NOT RUN" start="2025-01-25T11:25:25.332802" elapsed="0.000000"/>
</kw>
<arg>xpath=//*[@class="input-email-form"]</arg>
<doc>รอจนกว่าจะพบช่อง Page Should Contain</doc>
<status status="PASS" start="2025-01-25T11:25:25.332802" elapsed="0.000000"/>
</kw>
<status status="PASS" start="2025-01-25T11:25:25.332802" elapsed="0.000000"/>
</kw>
<kw name="input_email_user_login" owner="Login_page">
<kw name="Input_Text_Into_Field" owner="common">
<kw name="Input Text" owner="SeleniumLibrary">
<arg>${Locator}</arg>
<arg>${Text}</arg>
<doc>Types the given ``text`` into the text field identified by ``locator``.</doc>
<status status="NOT RUN" start="2025-01-25T11:25:25.333809" elapsed="0.000000"/>
</kw>
<arg>xpath=//*[@class="input-email-form"]</arg>
<arg>${Test}</arg>
<doc>ป้อนข้อความลงในช่องที่ระบุ Input Text</doc>
<status status="PASS" start="2025-01-25T11:25:25.333809" elapsed="0.000000"/>
</kw>
<arg>${Username}</arg>
<doc>กรอก email</doc>
<status status="PASS" start="2025-01-25T11:25:25.332802" elapsed="0.001007"/>
</kw>
<kw name="input_password_user_login" owner="Login_page">
<kw name="Input_Text_Into_Field" owner="common">
<kw name="Input Text" owner="SeleniumLibrary">
<arg>${Locator}</arg>
<arg>${Text}</arg>
<doc>Types the given ``text`` into the text field identified by ``locator``.</doc>
<status status="NOT RUN" start="2025-01-25T11:25:25.333809" elapsed="0.000000"/>
</kw>
<arg>xpath=//*[@class="input-password-form"]</arg>
<arg>${Test}</arg>
<doc>ป้อนข้อความลงในช่องที่ระบุ Input Text</doc>
<status status="PASS" start="2025-01-25T11:25:25.333809" elapsed="0.000000"/>
</kw>
<arg>${password}</arg>
<doc>กรอก password</doc>
<status status="PASS" start="2025-01-25T11:25:25.333809" elapsed="0.000000"/>
</kw>
<kw name="Click_login_Button" owner="Login_page">
<kw name="Click_Element" owner="common">
<kw name="Wait_Page" owner="common">
<kw name="Wait Until Element Is Visible" owner="SeleniumLibrary">
<arg>${Locator}</arg>
<arg>${timeout}</arg>
<doc>Waits until the element ``locator`` is visible.</doc>
<status status="NOT RUN" start="2025-01-25T11:25:25.336332" elapsed="0.001037"/>
</kw>
<arg>${Locator}</arg>
<doc>รอจนกว่าจะพบช่อง Page Should Contain</doc>
<status status="PASS" start="2025-01-25T11:25:25.336332" elapsed="0.001037"/>
</kw>
<kw name="Click Element" owner="SeleniumLibrary">
<arg>${Locator}</arg>
<doc>Click the element identified by ``locator``.</doc>
<status status="NOT RUN" start="2025-01-25T11:25:25.337369" elapsed="0.000000"/>
</kw>
<arg>xpath=//*[@class="btn btn-small"]</arg>
<doc>คลิกที่องค์ประกอบที่ระบุ Click Element</doc>
<status status="PASS" start="2025-01-25T11:25:25.334802" elapsed="0.002567"/>
</kw>
<status status="PASS" start="2025-01-25T11:25:25.334802" elapsed="0.002567"/>
</kw>
<arg>${email}</arg>
<arg>${password}</arg>
<doc>กรอกข้อมูลเเละ Login</doc>
<status status="PASS" start="2025-01-25T11:25:25.332802" elapsed="0.004567"/>
</kw>
<kw name="search_item_by_keyword_input" owner="main_TS">
<kw name="Wait_btn_search_item" owner="All_Online_Main_page">
<kw name="Wait_Page" owner="common">
<kw name="Wait Until Element Is Visible" owner="SeleniumLibrary">
<arg>${Locator}</arg>
<arg>${timeout}</arg>
<doc>Waits until the element ``locator`` is visible.</doc>
<status status="NOT RUN" start="2025-01-25T11:25:25.339405" elapsed="0.000000"/>
</kw>
<arg>xpath=//*[@class="btn btn-default search"]</arg>
<arg>30</arg>
<doc>รอจนกว่าจะพบช่อง Page Should Contain</doc>
<status status="PASS" start="2025-01-25T11:25:25.338384" elapsed="0.001021"/>
</kw>
<doc>รอปุ่มค้นหา</doc>
<status status="PASS" start="2025-01-25T11:25:25.338384" elapsed="0.001021"/>
</kw>
<kw name="input_search_item" owner="All_Online_Main_page">
<kw name="Input_Text_Into_Field" owner="common">
<kw name="Input Text" owner="SeleniumLibrary">
<arg>${Locator}</arg>
<arg>${Text}</arg>
<doc>Types the given ``text`` into the text field identified by ``locator``.</doc>
<status status="NOT RUN" start="2025-01-25T11:25:25.339405" elapsed="0.000000"/>
</kw>
<arg>xpath=//*[@class="form-control header-search header-search-sug hasClear"]</arg>
<arg>${Test}</arg>
<doc>ป้อนข้อความลงในช่องที่ระบุ Input Text</doc>
<status status="PASS" start="2025-01-25T11:25:25.339405" elapsed="0.000000"/>
</kw>
<arg>${Test}</arg>
<doc>กรอก  ชื่อ สินค้า หรือ Keyword ที่ เกี่ยวข้อง</doc>
<status status="PASS" start="2025-01-25T11:25:25.339405" elapsed="0.000000"/>
</kw>
<kw name="Click_btn_search_item" owner="All_Online_Main_page">
<kw name="Click_Element" owner="common">
<kw name="Wait_Page" owner="common">
<kw name="Wait Until Element Is Visible" owner="SeleniumLibrary">
<arg>${Locator}</arg>
<arg>${timeout}</arg>
<doc>Waits until the element ``locator`` is visible.</doc>
<status status="NOT RUN" start="2025-01-25T11:25:25.340375" elapsed="0.000000"/>
</kw>
<arg>${Locator}</arg>
<doc>รอจนกว่าจะพบช่อง Page Should Contain</doc>
<status status="PASS" start="2025-01-25T11:25:25.340375" elapsed="0.000000"/>
</kw>
<kw name="Click Element" owner="SeleniumLibrary">
<arg>${Locator}</arg>
<doc>Click the element identified by ``locator``.</doc>
<status status="NOT RUN" start="2025-01-25T11:25:25.340375" elapsed="0.000000"/>
</kw>
<arg>xpath=//*[@class="btn btn-default search"]</arg>
<doc>คลิกที่องค์ประกอบที่ระบุ Click Element</doc>
<status status="PASS" start="2025-01-25T11:25:25.340375" elapsed="0.000000"/>
</kw>
<doc>คลิกปุ่ม ค้นหา</doc>
<status status="PASS" start="2025-01-25T11:25:25.340375" elapsed="0.000000"/>
</kw>
<arg>${SEARCH}</arg>
<doc>ค้นหาคำที่ต้องการเเละกด ค้นหา</doc>
<status status="PASS" start="2025-01-25T11:25:25.338384" elapsed="0.001991"/>
</kw>
<kw name="Click_item_and_and_Store_id" owner="main_TS">
<kw name="Click_Image_item" owner="All_Online_Main_page">
<kw name="Click_Element" owner="common">
<kw name="Wait_Page" owner="common">
<kw name="Wait Until Element Is Visible" owner="SeleniumLibrary">
<arg>${Locator}</arg>
<arg>${timeout}</arg>
<doc>Waits until the element ``locator`` is visible.</doc>
<status status="NOT RUN" start="2025-01-25T11:25:25.341385" elapsed="0.000000"/>
</kw>
<arg>${Locator}</arg>
<doc>รอจนกว่าจะพบช่อง Page Should Contain</doc>
<status status="PASS" start="2025-01-25T11:25:25.341385" elapsed="0.000994"/>
</kw>
<kw name="Click Element" owner="SeleniumLibrary">
<arg>${Locator}</arg>
<doc>Click the element identified by ``locator``.</doc>
<status status="NOT RUN" start="2025-01-25T11:25:25.342379" elapsed="0.000000"/>
</kw>
<arg>xpath=//*[starts-with(@title, "${Name}")]</arg>
<doc>คลิกที่องค์ประกอบที่ระบุ Click Element</doc>
<status status="PASS" start="2025-01-25T11:25:25.341385" elapsed="0.000994"/>
</kw>
<kw name="Wait_Page" owner="common">
<kw name="Wait Until Element Is Visible" owner="SeleniumLibrary">
<arg>${Locator}</arg>
<arg>${timeout}</arg>
<doc>Waits until the element ``locator`` is visible.</doc>
<status status="NOT RUN" start="2025-01-25T11:25:25.342379" elapsed="0.000000"/>
</kw>
<arg>xpath=//*[@id="title-product"]</arg>
<doc>รอจนกว่าจะพบช่อง Page Should Contain</doc>
<status status="PASS" start="2025-01-25T11:25:25.342379" elapsed="0.000000"/>
</kw>
<arg>${SHOTNAME}</arg>
<doc>คลิก iem ที่ต้องการ</doc>
<status status="PASS" start="2025-01-25T11:25:25.341385" elapsed="0.000994"/>
</kw>
<kw name="Click_add_item_product" owner="product_info_TS">
<kw name="Check_name_product" owner="Product_info_page">
<kw name="Wait_Page" owner="common">
<kw name="Wait Until Element Is Visible" owner="SeleniumLibrary">
<arg>${Locator}</arg>
<arg>${timeout}</arg>
<doc>Waits until the element ``locator`` is visible.</doc>
<status status="NOT RUN" start="2025-01-25T11:25:25.343375" elapsed="0.000000"/>
</kw>
<arg>xpath=//*[@id="title-product"]</arg>
<doc>รอจนกว่าจะพบช่อง Page Should Contain</doc>
<status status="PASS" start="2025-01-25T11:25:25.342379" elapsed="0.000996"/>
</kw>
<kw name="Get Text" owner="SeleniumLibrary">
<var>${Text}</var>
<arg>xpath=//*[@id="title-product"]</arg>
<doc>Returns the text value of the element identified by ``locator``.</doc>
<status status="NOT RUN" start="2025-01-25T11:25:25.343375" elapsed="0.000000"/>
</kw>
<kw name="Log To Console" owner="BuiltIn">
<arg>${Text}</arg>
<doc>Logs the given message to the console.</doc>
<status status="NOT RUN" start="2025-01-25T11:25:25.343375" elapsed="0.000000"/>
</kw>
<doc>ตรวจสอบเบอร์โทรที่เเสดง</doc>
<status status="PASS" start="2025-01-25T11:25:25.342379" elapsed="0.000996"/>
</kw>
<kw name="Check_price" owner="Product_info_page">
<kw name="Get Text" owner="SeleniumLibrary">
<var>${Text}</var>
<arg>xpath=//*[@class="currentPrice"]</arg>
<doc>Returns the text value of the element identified by ``locator``.</doc>
<status status="NOT RUN" start="2025-01-25T11:25:25.343375" elapsed="0.000000"/>
</kw>
<kw name="Log To Console" owner="BuiltIn">
<arg>${Text}</arg>
<doc>Logs the given message to the console.</doc>
<status status="NOT RUN" start="2025-01-25T11:25:25.343375" elapsed="0.000000"/>
</kw>
<doc>ตรวจสอบเบอร์โทรที่เเสดง</doc>
<status status="PASS" start="2025-01-25T11:25:25.343375" elapsed="0.000000"/>
</kw>
<kw name="Click_search_store_id" owner="Product_info_page">
<kw name="Click_Element" owner="common">
<kw name="Wait_Page" owner="common">
<kw name="Wait Until Element Is Visible" owner="SeleniumLibrary">
<arg>${Locator}</arg>
<arg>${timeout}</arg>
<doc>Waits until the element ``locator`` is visible.</doc>
<status status="NOT RUN" start="2025-01-25T11:25:25.343375" elapsed="0.000000"/>
</kw>
<arg>${Locator}</arg>
<doc>รอจนกว่าจะพบช่อง Page Should Contain</doc>
<status status="PASS" start="2025-01-25T11:25:25.343375" elapsed="0.000000"/>
</kw>
<kw name="Click Element" owner="SeleniumLibrary">
<arg>${Locator}</arg>
<doc>Click the element identified by ``locator``.</doc>
<status status="NOT RUN" start="2025-01-25T11:25:25.343375" elapsed="0.000000"/>
</kw>
<arg>xpath=//*[@class="btn btn-proceed btn-green gradient broad buy-now"]</arg>
<doc>คลิกที่องค์ประกอบที่ระบุ Click Element</doc>
<status status="PASS" start="2025-01-25T11:25:25.343375" elapsed="0.000000"/>
</kw>
<doc>ค้นหา เลขร้าน</doc>
<status status="PASS" start="2025-01-25T11:25:25.343375" elapsed="0.000000"/>
</kw>
<doc>เลือก Item</doc>
<status status="PASS" start="2025-01-25T11:25:25.342379" elapsed="0.000996"/>
</kw>
<kw name="add_address_sent_item" owner="product_info_TS">
<kw name="Click_store_id_dropdown" owner="Shipping_page">
<kw name="Click_Element" owner="common">
<kw name="Wait_Page" owner="common">
<kw name="Wait Until Element Is Visible" owner="SeleniumLibrary">
<arg>${Locator}</arg>
<arg>${timeout}</arg>
<doc>Waits until the element ``locator`` is visible.</doc>
<status status="NOT RUN" start="2025-01-25T11:25:25.343375" elapsed="0.000000"/>
</kw>
<arg>${Locator}</arg>
<doc>รอจนกว่าจะพบช่อง Page Should Contain</doc>
<status status="PASS" start="2025-01-25T11:25:25.343375" elapsed="0.000000"/>
</kw>
<kw name="Click Element" owner="SeleniumLibrary">
<arg>${Locator}</arg>
<doc>Click the element identified by ``locator``.</doc>
<status status="NOT RUN" start="2025-01-25T11:25:25.343375" elapsed="0.000000"/>
</kw>
<arg>xpath=//*[@aria-controls="store-number-tab"]</arg>
<doc>คลิกที่องค์ประกอบที่ระบุ Click Element</doc>
<status status="PASS" start="2025-01-25T11:25:25.343375" elapsed="0.000000"/>
</kw>
<doc>คลิก เปิด ค้นหา เลขร้าน</doc>
<status status="PASS" start="2025-01-25T11:25:25.343375" elapsed="0.000000"/>
</kw>
<kw name="Input_store_id" owner="Shipping_page">
<kw name="Input_Text_Into_Field" owner="common">
<kw name="Input Text" owner="SeleniumLibrary">
<arg>${Locator}</arg>
<arg>${Text}</arg>
<doc>Types the given ``text`` into the text field identified by ``locator``.</doc>
<status status="NOT RUN" start="2025-01-25T11:25:25.343375" elapsed="0.000000"/>
</kw>
<arg>xpath=//*[@class="form-control 7OnlineClass"]</arg>
<arg>${store_id}</arg>
<doc>ป้อนข้อความลงในช่องที่ระบุ Input Text</doc>
<status status="PASS" start="2025-01-25T11:25:25.343375" elapsed="0.000000"/>
</kw>
<arg>${store_id}</arg>
<doc>กรอกรหัสร้าน</doc>
<status status="PASS" start="2025-01-25T11:25:25.343375" elapsed="0.000000"/>
</kw>
<kw name="Click_search_store_id" owner="Shipping_page">
<kw name="Click_Element" owner="common">
<kw name="Wait_Page" owner="common">
<kw name="Wait Until Element Is Visible" owner="SeleniumLibrary">
<arg>${Locator}</arg>
<arg>${timeout}</arg>
<doc>Waits until the element ``locator`` is visible.</doc>
<status status="NOT RUN" start="2025-01-25T11:25:25.343375" elapsed="0.000000"/>
</kw>
<arg>${Locator}</arg>
<doc>รอจนกว่าจะพบช่อง Page Should Contain</doc>
<status status="PASS" start="2025-01-25T11:25:25.343375" elapsed="0.000000"/>
</kw>
<kw name="Click Element" owner="SeleniumLibrary">
<arg>${Locator}</arg>
<doc>Click the element identified by ``locator``.</doc>
<status status="NOT RUN" start="2025-01-25T11:25:25.343375" elapsed="0.000000"/>
</kw>
<arg>xpath=//*[@id="btn-check-storenumber"]</arg>
<doc>คลิกที่องค์ประกอบที่ระบุ Click Element</doc>
<status status="PASS" start="2025-01-25T11:25:25.343375" elapsed="0.000000"/>
</kw>
<kw name="Wait_Page" owner="common">
<kw name="Wait Until Element Is Visible" owner="SeleniumLibrary">
<arg>${Locator}</arg>
<arg>${timeout}</arg>
<doc>Waits until the element ``locator`` is visible.</doc>
<status status="NOT RUN" start="2025-01-25T11:25:25.343375" elapsed="0.000000"/>
</kw>
<arg>xpath=//*[@class="address-7_11_store-detail-header"]</arg>
<doc>รอจนกว่าจะพบช่อง Page Should Contain</doc>
<status status="PASS" start="2025-01-25T11:25:25.343375" elapsed="0.000000"/>
</kw>
<arg>${store_id}</arg>
<doc>ค้นหา เลขร้าน</doc>
<status status="PASS" start="2025-01-25T11:25:25.343375" elapsed="0.000000"/>
</kw>
<kw name="click_payment" owner="Shipping_page">
<kw name="Scroll_To_Element" owner="common">
<kw name="Scroll Element Into View" owner="SeleniumLibrary">
<arg>${Locator}</arg>
<doc>Scrolls the element identified by ``locator`` into view.</doc>
<status status="NOT RUN" start="2025-01-25T11:25:25.343375" elapsed="0.000000"/>
</kw>
<arg>xpath=//*[@class="col-sm-4 col-xs-4 nopd"]</arg>
<doc>เลื่อนหน้าจอไปยังองค์ประกอบที่ระบุ Scroll Element Into View</doc>
<status status="PASS" start="2025-01-25T11:25:25.343375" elapsed="0.000000"/>
</kw>
<kw name="Click_Element" owner="common">
<kw name="Wait_Page" owner="common">
<kw name="Wait Until Element Is Visible" owner="SeleniumLibrary">
<arg>${Locator}</arg>
<arg>${timeout}</arg>
<doc>Waits until the element ``locator`` is visible.</doc>
<status status="NOT RUN" start="2025-01-25T11:25:25.343375" elapsed="0.000000"/>
</kw>
<arg>${Locator}</arg>
<doc>รอจนกว่าจะพบช่อง Page Should Contain</doc>
<status status="PASS" start="2025-01-25T11:25:25.343375" elapsed="0.000000"/>
</kw>
<kw name="Click Element" owner="SeleniumLibrary">
<arg>${Locator}</arg>
<doc>Click the element identified by ``locator``.</doc>
<status status="NOT RUN" start="2025-01-25T11:25:25.343375" elapsed="0.000000"/>
</kw>
<arg>xpath=//*[@id="continue-payment-btn"]</arg>
<doc>คลิกที่องค์ประกอบที่ระบุ Click Element</doc>
<status status="PASS" start="2025-01-25T11:25:25.343375" elapsed="0.000000"/>
</kw>
<doc>กด ปุ่ม ชำระสิ้นค้า</doc>
<status status="PASS" start="2025-01-25T11:25:25.343375" elapsed="0.000000"/>
</kw>
<arg>${STORE}</arg>
<doc>กรอกเลขร้านที่จัดส่งเเละ ตรวจสอบ รายละเอียด เเละ รับชำระ</doc>
<status status="PASS" start="2025-01-25T11:25:25.343375" elapsed="0.000000"/>
</kw>
<kw name="click_payment_CC" owner="Payment_page">
<kw name="Click_Element" owner="common">
<kw name="Wait_Page" owner="common">
<kw name="Wait Until Element Is Visible" owner="SeleniumLibrary">
<arg>${Locator}</arg>
<arg>${timeout}</arg>
<doc>Waits until the element ``locator`` is visible.</doc>
<status status="NOT RUN" start="2025-01-25T11:25:25.343375" elapsed="0.000000"/>
</kw>
<arg>${Locator}</arg>
<doc>รอจนกว่าจะพบช่อง Page Should Contain</doc>
<status status="PASS" start="2025-01-25T11:25:25.343375" elapsed="0.000000"/>
</kw>
<kw name="Click Element" owner="SeleniumLibrary">
<arg>${Locator}</arg>
<doc>Click the element identified by ``locator``.</doc>
<status status="NOT RUN" start="2025-01-25T11:25:25.343375" elapsed="0.000000"/>
</kw>
<arg>xpath=//*[@aria-controls="COUNTERSERVICE_CC-tab"]</arg>
<doc>คลิกที่องค์ประกอบที่ระบุ Click Element</doc>
<status status="PASS" start="2025-01-25T11:25:25.343375" elapsed="0.000000"/>
</kw>
<doc>คลิกเลือกจ่ายด้วย เครดิต การ์ด</doc>
<status status="PASS" start="2025-01-25T11:25:25.343375" elapsed="0.000000"/>
</kw>
<kw name="click_payment_confrim" owner="Payment_page">
<kw name="Scroll_To_Element" owner="common">
<kw name="Scroll Element Into View" owner="SeleniumLibrary">
<arg>${Locator}</arg>
<doc>Scrolls the element identified by ``locator`` into view.</doc>
<status status="NOT RUN" start="2025-01-25T11:25:25.352055" elapsed="0.000000"/>
</kw>
<arg>xpath=//*[@class="col-sm-4 col-xs-4 nopd"]</arg>
<doc>เลื่อนหน้าจอไปยังองค์ประกอบที่ระบุ Scroll Element Into View</doc>
<status status="PASS" start="2025-01-25T11:25:25.343375" elapsed="0.009694"/>
</kw>
<kw name="Click_Element" owner="common">
<kw name="Wait_Page" owner="common">
<kw name="Wait Until Element Is Visible" owner="SeleniumLibrary">
<arg>${Locator}</arg>
<arg>${timeout}</arg>
<doc>Waits until the element ``locator`` is visible.</doc>
<status status="NOT RUN" start="2025-01-25T11:25:25.354080" elapsed="0.000000"/>
</kw>
<arg>${Locator}</arg>
<doc>รอจนกว่าจะพบช่อง Page Should Contain</doc>
<status status="PASS" start="2025-01-25T11:25:25.353069" elapsed="0.001011"/>
</kw>
<kw name="Click Element" owner="SeleniumLibrary">
<arg>${Locator}</arg>
<doc>Click the element identified by ``locator``.</doc>
<status status="NOT RUN" start="2025-01-25T11:25:25.354080" elapsed="0.000000"/>
</kw>
<arg>xpath=//*[@class="btn js-pdbc btn-proceed btn-green gradient btn-lg btn-half wide pull-right space-down continue-payment-btn continue-payment-btn-popup"]</arg>
<doc>คลิกที่องค์ประกอบที่ระบุ Click Element</doc>
<status status="PASS" start="2025-01-25T11:25:25.353069" elapsed="0.001011"/>
</kw>
<doc>คลิกยืนยันการชำระ</doc>
<status status="PASS" start="2025-01-25T11:25:25.343375" elapsed="0.010705"/>
</kw>
<arg>${SHOTNAME}</arg>
<arg>${STORE}</arg>
<doc>กรอกข้อมูล เเละ เลขร้าน</doc>
<status status="PASS" start="2025-01-25T11:25:25.341385" elapsed="0.012695"/>
</kw>
<kw name="payment_input_data_CC_and_payment" owner="CS_payment_TS">
<kw name="wait_web_page_cs_payment" owner="CS_pay_page">
<kw name="Wait_Page" owner="common">
<kw name="Wait Until Element Is Visible" owner="SeleniumLibrary">
<arg>${Locator}</arg>
<arg>${timeout}</arg>
<doc>Waits until the element ``locator`` is visible.</doc>
<status status="NOT RUN" start="2025-01-25T11:25:25.356082" elapsed="0.000000"/>
</kw>
<arg>xpath=//*[@id="csModalPayment"]</arg>
<arg>30</arg>
<doc>รอจนกว่าจะพบช่อง Page Should Contain</doc>
<status status="PASS" start="2025-01-25T11:25:25.355111" elapsed="0.000971"/>
</kw>
<doc>รอจนกว่าจะถึงหน้า cs payment</doc>
<status status="PASS" start="2025-01-25T11:25:25.355111" elapsed="0.000971"/>
</kw>
<kw name="input_Card_Name" owner="CS_pay_page">
<kw name="Wait_Page" owner="common">
<kw name="Wait Until Element Is Visible" owner="SeleniumLibrary">
<arg>${Locator}</arg>
<arg>${timeout}</arg>
<doc>Waits until the element ``locator`` is visible.</doc>
<status status="NOT RUN" start="2025-01-25T11:25:25.356082" elapsed="0.000000"/>
</kw>
<arg>xpath=//*[@id="cardName"]</arg>
<doc>รอจนกว่าจะพบช่อง Page Should Contain</doc>
<status status="PASS" start="2025-01-25T11:25:25.356082" elapsed="0.000000"/>
</kw>
<kw name="Input_Text_Into_Field" owner="common">
<kw name="Input Text" owner="SeleniumLibrary">
<arg>${Locator}</arg>
<arg>${Text}</arg>
<doc>Types the given ``text`` into the text field identified by ``locator``.</doc>
<status status="NOT RUN" start="2025-01-25T11:25:25.357101" elapsed="0.000000"/>
</kw>
<arg>xpath=//*[@id="cardName"]</arg>
<arg>${Test}</arg>
<doc>ป้อนข้อความลงในช่องที่ระบุ Input Text</doc>
<status status="PASS" start="2025-01-25T11:25:25.356082" elapsed="0.001019"/>
</kw>
<arg>${NAME}</arg>
<doc>กรอก  ชื่อผู้ถือบัตร</doc>
<status status="PASS" start="2025-01-25T11:25:25.356082" elapsed="0.001019"/>
</kw>
<kw name="input_Card_Number" owner="CS_pay_page">
<kw name="Input_Text_Into_Field" owner="common">
<kw name="Input Text" owner="SeleniumLibrary">
<arg>${Locator}</arg>
<arg>${Text}</arg>
<doc>Types the given ``text`` into the text field identified by ``locator``.</doc>
<status status="NOT RUN" start="2025-01-25T11:25:25.357101" elapsed="0.000000"/>
</kw>
<arg>xpath=//*[@name="cardNumber"]</arg>
<arg>${Test}</arg>
<doc>ป้อนข้อความลงในช่องที่ระบุ Input Text</doc>
<status status="PASS" start="2025-01-25T11:25:25.357101" elapsed="0.000000"/>
</kw>
<arg>${NUMBER}</arg>
<doc>กรอก  เลขบัตร</doc>
<status status="PASS" start="2025-01-25T11:25:25.357101" elapsed="0.000000"/>
</kw>
<kw name="input_Expiry_Date" owner="CS_pay_page">
<kw name="Input_Text_Into_Field" owner="common">
<kw name="Input Text" owner="SeleniumLibrary">
<arg>${Locator}</arg>
<arg>${Text}</arg>
<doc>Types the given ``text`` into the text field identified by ``locator``.</doc>
<status status="NOT RUN" start="2025-01-25T11:25:25.358172" elapsed="0.000000"/>
</kw>
<arg>xpath=//*[@name="expiryDate"]</arg>
<arg>${Test}</arg>
<doc>ป้อนข้อความลงในช่องที่ระบุ Input Text</doc>
<status status="PASS" start="2025-01-25T11:25:25.358172" elapsed="0.000000"/>
</kw>
<arg>${EXDADE}</arg>
<doc>กรอก  วันหมดอายุ</doc>
<status status="PASS" start="2025-01-25T11:25:25.357101" elapsed="0.001071"/>
</kw>
<kw name="input_CV_Code" owner="CS_pay_page">
<kw name="Input_Text_Into_Field" owner="common">
<kw name="Input Text" owner="SeleniumLibrary">
<arg>${Locator}</arg>
<arg>${Text}</arg>
<doc>Types the given ``text`` into the text field identified by ``locator``.</doc>
<status status="NOT RUN" start="2025-01-25T11:25:25.359100" elapsed="0.000000"/>
</kw>
<arg>xpath=//*[@id="cvCode"]</arg>
<arg>${Test}</arg>
<doc>ป้อนข้อความลงในช่องที่ระบุ Input Text</doc>
<status status="PASS" start="2025-01-25T11:25:25.358172" elapsed="0.000928"/>
</kw>
<arg>${CVV}</arg>
<doc>กรอก  เลขcv code</doc>
<status status="PASS" start="2025-01-25T11:25:25.358172" elapsed="0.000928"/>
</kw>
<kw name="Click_payment" owner="CS_pay_page">
<kw name="Click_Element" owner="common">
<kw name="Wait_Page" owner="common">
<kw name="Wait Until Element Is Visible" owner="SeleniumLibrary">
<arg>${Locator}</arg>
<arg>${timeout}</arg>
<doc>Waits until the element ``locator`` is visible.</doc>
<status status="NOT RUN" start="2025-01-25T11:25:25.359100" elapsed="0.000000"/>
</kw>
<arg>${Locator}</arg>
<doc>รอจนกว่าจะพบช่อง Page Should Contain</doc>
<status status="PASS" start="2025-01-25T11:25:25.359100" elapsed="0.000000"/>
</kw>
<kw name="Click Element" owner="SeleniumLibrary">
<arg>${Locator}</arg>
<doc>Click the element identified by ``locator``.</doc>
<status status="NOT RUN" start="2025-01-25T11:25:25.360065" elapsed="0.000000"/>
</kw>
<arg>xpath=//*[@id="subFormPay"]</arg>
<doc>คลิกที่องค์ประกอบที่ระบุ Click Element</doc>
<status status="PASS" start="2025-01-25T11:25:25.359100" elapsed="0.000965"/>
</kw>
<doc>คลิกชำระ</doc>
<status status="PASS" start="2025-01-25T11:25:25.359100" elapsed="0.000965"/>
</kw>
<arg>${NAMECC}</arg>
<arg>${NUMBERCC}</arg>
<arg>${EXDADECC}</arg>
<arg>${CVCODECC}</arg>
<doc>กรอกข้อมูล เเละ ยืนยัน ที่หน้าจอชำระ</doc>
<status status="PASS" start="2025-01-25T11:25:25.355111" elapsed="0.004954"/>
</kw>
<kw name="payment_input_OTP" owner="CS_payment_TS">
<kw name="wait_OTP_CODE" owner="CS_pay_page">
<kw name="Wait_Page" owner="common">
<kw name="Wait Until Element Is Visible" owner="SeleniumLibrary">
<arg>${Locator}</arg>
<arg>${timeout}</arg>
<doc>Waits until the element ``locator`` is visible.</doc>
<status status="NOT RUN" start="2025-01-25T11:25:25.361069" elapsed="0.000000"/>
</kw>
<arg>xpath=//*[@id="otpCode"]</arg>
<arg>30</arg>
<doc>รอจนกว่าจะพบช่อง Page Should Contain</doc>
<status status="PASS" start="2025-01-25T11:25:25.361069" elapsed="0.000000"/>
</kw>
<doc>รอจนกว่าเห็น OTP CODE</doc>
<status status="PASS" start="2025-01-25T11:25:25.360065" elapsed="0.001004"/>
</kw>
<kw name="input_OTP_CODE" owner="CS_pay_page">
<kw name="Input_Text_Into_Field" owner="common">
<kw name="Input Text" owner="SeleniumLibrary">
<arg>${Locator}</arg>
<arg>${Text}</arg>
<doc>Types the given ``text`` into the text field identified by ``locator``.</doc>
<status status="NOT RUN" start="2025-01-25T11:25:25.362086" elapsed="0.000000"/>
</kw>
<arg>xpath=//*[@id="otpCode"]</arg>
<arg>${Test}</arg>
<doc>ป้อนข้อความลงในช่องที่ระบุ Input Text</doc>
<status status="PASS" start="2025-01-25T11:25:25.361069" elapsed="0.001017"/>
</kw>
<arg>${OTP}</arg>
<doc>กรอก  เลข OTP CODE</doc>
<status status="PASS" start="2025-01-25T11:25:25.361069" elapsed="0.001017"/>
</kw>
<kw name="Click_Confrim_otp" owner="CS_pay_page">
<kw name="Click_Element" owner="common">
<kw name="Wait_Page" owner="common">
<kw name="Wait Until Element Is Visible" owner="SeleniumLibrary">
<arg>${Locator}</arg>
<arg>${timeout}</arg>
<doc>Waits until the element ``locator`` is visible.</doc>
<status status="NOT RUN" start="2025-01-25T11:25:25.362086" elapsed="0.000993"/>
</kw>
<arg>${Locator}</arg>
<doc>รอจนกว่าจะพบช่อง Page Should Contain</doc>
<status status="PASS" start="2025-01-25T11:25:25.362086" elapsed="0.000993"/>
</kw>
<kw name="Click Element" owner="SeleniumLibrary">
<arg>${Locator}</arg>
<doc>Click the element identified by ``locator``.</doc>
<status status="NOT RUN" start="2025-01-25T11:25:25.363079" elapsed="0.000000"/>
</kw>
<arg>xpath=//*[@id="submitBtn"]</arg>
<doc>คลิกที่องค์ประกอบที่ระบุ Click Element</doc>
<status status="PASS" start="2025-01-25T11:25:25.362086" elapsed="0.000993"/>
</kw>
<doc>คลิก ยันยัน เลข otp</doc>
<status status="PASS" start="2025-01-25T11:25:25.362086" elapsed="0.000993"/>
</kw>
<kw name="wait_confeim_payment" owner="CS_pay_page">
<kw name="Wait_Page" owner="common">
<kw name="Wait Until Element Is Visible" owner="SeleniumLibrary">
<arg>${Locator}</arg>
<arg>${timeout}</arg>
<doc>Waits until the element ``locator`` is visible.</doc>
<status status="NOT RUN" start="2025-01-25T11:25:25.363079" elapsed="0.000000"/>
</kw>
<arg>xpath=//*[@class="e-Tax-detail-url"]</arg>
<arg>40</arg>
<doc>รอจนกว่าจะพบช่อง Page Should Contain</doc>
<status status="PASS" start="2025-01-25T11:25:25.363079" elapsed="0.000000"/>
</kw>
<doc>คลิก รอการทำรายการ</doc>
<status status="PASS" start="2025-01-25T11:25:25.363079" elapsed="0.000000"/>
</kw>
<kw name="Click_confeim_payment" owner="All_Online_Main_page">
<kw name="Click_Element" owner="common">
<kw name="Wait_Page" owner="common">
<kw name="Wait Until Element Is Visible" owner="SeleniumLibrary">
<arg>${Locator}</arg>
<arg>${timeout}</arg>
<doc>Waits until the element ``locator`` is visible.</doc>
<status status="NOT RUN" start="2025-01-25T11:25:25.364096" elapsed="0.000000"/>
</kw>
<arg>${Locator}</arg>
<doc>รอจนกว่าจะพบช่อง Page Should Contain</doc>
<status status="PASS" start="2025-01-25T11:25:25.364096" elapsed="0.000000"/>
</kw>
<kw name="Click Element" owner="SeleniumLibrary">
<arg>${Locator}</arg>
<doc>Click the element identified by ``locator``.</doc>
<status status="NOT RUN" start="2025-01-25T11:25:25.364096" elapsed="0.000000"/>
</kw>
<arg>xpath=//*[@class="e-Tax-detail-url"]</arg>
<doc>คลิกที่องค์ประกอบที่ระบุ Click Element</doc>
<status status="PASS" start="2025-01-25T11:25:25.364096" elapsed="0.000000"/>
</kw>
<doc>คลิก ใรอการทำรยการ</doc>
<status status="PASS" start="2025-01-25T11:25:25.364096" elapsed="0.000000"/>
</kw>
<arg>${OTPNO}</arg>
<doc>กรอกข้อมูล เเละ ยืนยัน ที่หน้าจอชำระ</doc>
<status status="PASS" start="2025-01-25T11:25:25.360065" elapsed="0.004031"/>
</kw>
<kw name="Close_Browser" owner="common" type="TEARDOWN">
<kw name="Close Browser" owner="SeleniumLibrary">
<doc>Closes the current browser.</doc>
<status status="NOT RUN" start="2025-01-25T11:25:25.366407" elapsed="0.000000"/>
</kw>
<doc>ปิดเบราว์เซอร์เมื่อเสร็จสิ้นการทดสอบ</doc>
<status status="PASS" start="2025-01-25T11:25:25.366407" elapsed="0.000000"/>
</kw>
<doc>ลูกค้าสั่งซื้อสินค้าเลือกรับที่ร้านและชำระเงินด้วยบัตรเดบิต CASE FOCUS การส่ง เเละวิธีการสั่งซื้อ</doc>
<tag>TC_05</tag>
<status status="PASS" start="2025-01-25T11:25:25.324719" elapsed="0.042690"/>
</test>
<status status="PASS" start="2025-01-25T11:25:22.429833" elapsed="2.938569"/>
</suite>
<statistics>
<total>
<stat pass="3" fail="0" skip="0">All Tests</stat>
</total>
<tag>
<stat pass="1" fail="0" skip="0">TC_01</stat>
<stat pass="1" fail="0" skip="0">TC_02</stat>
<stat pass="1" fail="0" skip="0">TC_05</stat>
</tag>
<suite>
<stat name="TC05 placed order" id="s1" pass="3" fail="0" skip="0">TC05 placed order</stat>
</suite>
</statistics>
<errors>
<msg time="2025-01-25T11:25:25.191345" level="WARN">Error in file 'H:\gosoft-thailand\AllOnlineBot\common\common.robot' on line 52: The '[Return]' setting is deprecated. Use the 'RETURN' statement instead.</msg>
<msg time="2025-01-25T11:25:25.258486" level="ERROR">[ DataDriver ] Error in robot file:
  File "H:\gosoft-thailand\AllOnlineBot\Test\TC05_placed_order.robot", line 0</msg>
<msg time="2025-01-25T11:25:25.258486" level="ERROR">In source file:
  File "Workshop-Group-5.xlsx", line 0</msg>
<msg time="2025-01-25T11:25:25.288924" level="ERROR">Calling method '_start_suite' of listener 'DataDriver' failed: ImportError: Requirements (pandas, openpyxl) for XLSX support are not installed.
    Use 'pip install -U robotframework-datadriver[XLS]' to install XLSX support.</msg>
</errors>
</robot>
