<?xml version="1.0" encoding="UTF-8"?>
<robot generator="Robot 7.2 (Python 3.12.8 on win32)" generated="2025-01-25T11:27:19.580938" rpa="false" schemaversion="5">
<suite id="s1" name="Suites">
<suite id="s1-s1" name="TC05 TESTSIT6" source="H:\gosoft-thailand\AllOnlineBot\Test\TC05_TESTSIT6.robot">
<test id="s1-s1-t1" name="TC01_LOGIN_PAGE" line="8">
<msg time="2025-01-25T11:27:22.815843" level="INFO">${DataDriver_TEST_DATA} = {'ERROR': 'Test Case not found...'}</msg>
<kw name="setup_Testcase" owner="common" type="SETUP">
<kw name="Close_Browser" owner="common">
<kw name="Close Browser" owner="SeleniumLibrary">
<doc>Closes the current browser.</doc>
<status status="PASS" start="2025-01-25T11:27:22.821566" elapsed="0.000000"/>
</kw>
<doc>ปิดเบราว์เซอร์เมื่อเสร็จสิ้นการทดสอบ</doc>
<status status="PASS" start="2025-01-25T11:27:22.819558" elapsed="0.002008"/>
</kw>
<kw name="Open_Browser" owner="common">
<kw name="Open Browser" owner="SeleniumLibrary">
<msg time="2025-01-25T11:27:22.823382" level="INFO">Opening browser 'headlessChrome' to base url 'https://www-allonline-uat.cpall.co.th/'.</msg>
<msg time="2025-01-25T11:27:34.647432" level="WARN">The chromedriver version (131.0.6778.265) detected in PATH at D:\ProgramFile\chromedriver\chromedriver.exe might not be compatible with the detected chrome version (132.0.6834.84); currently, chromedriver 132.0.6834.110 is recommended for chrome 132.*, so it is advised to delete the driver in PATH and retry</msg>
<arg>${URL}</arg>
<arg>${Browser}</arg>
<doc>Opens a new browser instance to the optional ``url``.</doc>
<status status="PASS" start="2025-01-25T11:27:22.823382" elapsed="57.554593"/>
</kw>
<kw name="Maximize Browser Window" owner="SeleniumLibrary">
<doc>Maximizes current browser window.</doc>
<status status="PASS" start="2025-01-25T11:28:20.379996" elapsed="0.750056"/>
</kw>
<arg>${URL}</arg>
<arg>${Browser}</arg>
<doc>เปิดเบราว์เซอร์ที่ URL ที่กำหนด</doc>
<status status="PASS" start="2025-01-25T11:27:22.821566" elapsed="58.308486"/>
</kw>
<arg>${MAPPING}[${ENV}][URL]</arg>
<arg>${MAPPING}[${ENV}][BROWSER]</arg>
<doc>URL temp</doc>
<status status="PASS" start="2025-01-25T11:27:22.815843" elapsed="58.315212"/>
</kw>
<kw name="Click_btn_allmember_login" owner="All_Online_Main_page">
<kw name="Click_Element" owner="common">
<kw name="Wait_Page" owner="common">
<kw name="Wait Until Element Is Visible" owner="SeleniumLibrary">
<arg>${Locator}</arg>
<arg>${timeout}</arg>
<doc>Waits until the element ``locator`` is visible.</doc>
<status status="PASS" start="2025-01-25T11:28:21.139877" elapsed="0.746663"/>
</kw>
<arg>${Locator}</arg>
<doc>รอจนกว่าจะพบช่อง Page Should Contain</doc>
<status status="PASS" start="2025-01-25T11:28:21.137879" elapsed="0.748661"/>
</kw>
<kw name="Click Element" owner="SeleniumLibrary">
<msg time="2025-01-25T11:28:21.887536" level="INFO">Clicking element 'xpath=//*[@class="btn-allmember-login nopd onLine"]'.</msg>
<arg>${Locator}</arg>
<doc>Click the element identified by ``locator``.</doc>
<status status="PASS" start="2025-01-25T11:28:21.886540" elapsed="4.618778"/>
</kw>
<arg>xpath=//*[@class="btn-allmember-login nopd onLine"]</arg>
<doc>คลิกที่องค์ประกอบที่ระบุ Click Element</doc>
<status status="PASS" start="2025-01-25T11:28:21.135875" elapsed="5.370439"/>
</kw>
<doc>คลิกปุ่ม Login</doc>
<status status="PASS" start="2025-01-25T11:28:21.133878" elapsed="5.372436"/>
</kw>
<kw name="login_Wab_and_input_email_password" owner="login_TS">
<kw name="Wait_Login_Page" owner="Login_page">
<kw name="Wait_Page" owner="common">
<kw name="Wait Until Element Is Visible" owner="SeleniumLibrary">
<msg time="2025-01-25T11:28:36.917106" level="INFO" html="true">&lt;/td&gt;&lt;/tr&gt;&lt;tr&gt;&lt;td colspan="3"&gt;&lt;a href="selenium-screenshot-1.png"&gt;&lt;img src="selenium-screenshot-1.png" width="800px"&gt;&lt;/a&gt;</msg>
<msg time="2025-01-25T11:28:36.919121" level="FAIL">Element 'xpath=//*[@class="input-email-form"]' not visible after 10 seconds.</msg>
<arg>${Locator}</arg>
<arg>${timeout}</arg>
<doc>Waits until the element ``locator`` is visible.</doc>
<status status="FAIL" start="2025-01-25T11:28:26.510401" elapsed="10.422689">Element 'xpath=//*[@class="input-email-form"]' not visible after 10 seconds.</status>
</kw>
<arg>xpath=//*[@class="input-email-form"]</arg>
<doc>รอจนกว่าจะพบช่อง Page Should Contain</doc>
<status status="FAIL" start="2025-01-25T11:28:26.509426" elapsed="10.423664">Element 'xpath=//*[@class="input-email-form"]' not visible after 10 seconds.</status>
</kw>
<status status="FAIL" start="2025-01-25T11:28:26.508496" elapsed="10.424594">Element 'xpath=//*[@class="input-email-form"]' not visible after 10 seconds.</status>
</kw>
<kw name="input_email_user_login" owner="Login_page">
<arg>${Username}</arg>
<doc>กรอก email</doc>
<status status="NOT RUN" start="2025-01-25T11:28:36.933090" elapsed="0.000000"/>
</kw>
<kw name="input_password_user_login" owner="Login_page">
<arg>${password}</arg>
<doc>กรอก password</doc>
<status status="NOT RUN" start="2025-01-25T11:28:36.933090" elapsed="0.000000"/>
</kw>
<kw name="Click_login_Button" owner="Login_page">
<status status="NOT RUN" start="2025-01-25T11:28:36.933090" elapsed="0.000000"/>
</kw>
<arg>${email}</arg>
<arg>${password}</arg>
<doc>กรอกข้อมูลเเละ Login</doc>
<status status="FAIL" start="2025-01-25T11:28:26.506314" elapsed="10.426776">Element 'xpath=//*[@class="input-email-form"]' not visible after 10 seconds.</status>
</kw>
<kw name="Close_Browser" owner="common" type="TEARDOWN">
<kw name="Close Browser" owner="SeleniumLibrary">
<doc>Closes the current browser.</doc>
<status status="PASS" start="2025-01-25T11:28:36.938818" elapsed="3.996693"/>
</kw>
<doc>ปิดเบราว์เซอร์เมื่อเสร็จสิ้นการทดสอบ</doc>
<status status="PASS" start="2025-01-25T11:28:36.937305" elapsed="3.998206"/>
</kw>
<doc>ลูกค้าlOGINสำเร็จ</doc>
<tag>TC_01</tag>
<status status="FAIL" start="2025-01-25T11:27:22.815843" elapsed="78.119668">Element 'xpath=//*[@class="input-email-form"]' not visible after 10 seconds.</status>
</test>
<test id="s1-s1-t2" name="TC02_LOGIN AND SEARD ITEM" line="13">
<msg time="2025-01-25T11:28:40.942056" level="INFO">${DataDriver_TEST_DATA} = {'ERROR': 'Test Case not found...'}</msg>
<kw name="setup_Testcase" owner="common" type="SETUP">
<kw name="Close_Browser" owner="common">
<kw name="Close Browser" owner="SeleniumLibrary">
<doc>Closes the current browser.</doc>
<status status="PASS" start="2025-01-25T11:28:40.942056" elapsed="0.000000"/>
</kw>
<doc>ปิดเบราว์เซอร์เมื่อเสร็จสิ้นการทดสอบ</doc>
<status status="PASS" start="2025-01-25T11:28:40.942056" elapsed="0.000000"/>
</kw>
<kw name="Open_Browser" owner="common">
<kw name="Open Browser" owner="SeleniumLibrary">
<msg time="2025-01-25T11:28:40.942056" level="INFO">Opening browser 'headlessChrome' to base url 'https://www-allonline-uat.cpall.co.th/'.</msg>
<msg time="2025-01-25T11:28:56.951539" level="WARN">The chromedriver version (131.0.6778.265) detected in PATH at D:\ProgramFile\chromedriver\chromedriver.exe might not be compatible with the detected chrome version (132.0.6834.84); currently, chromedriver 132.0.6834.110 is recommended for chrome 132.*, so it is advised to delete the driver in PATH and retry</msg>
<arg>${URL}</arg>
<arg>${Browser}</arg>
<doc>Opens a new browser instance to the optional ``url``.</doc>
<status status="PASS" start="2025-01-25T11:28:40.942056" elapsed="50.528587"/>
</kw>
<kw name="Maximize Browser Window" owner="SeleniumLibrary">
<doc>Maximizes current browser window.</doc>
<status status="PASS" start="2025-01-25T11:29:31.470643" elapsed="0.525856"/>
</kw>
<arg>${URL}</arg>
<arg>${Browser}</arg>
<doc>เปิดเบราว์เซอร์ที่ URL ที่กำหนด</doc>
<status status="PASS" start="2025-01-25T11:28:40.942056" elapsed="51.055457"/>
</kw>
<arg>${MAPPING}[${ENV}][URL]</arg>
<arg>${MAPPING}[${ENV}][BROWSER]</arg>
<doc>URL temp</doc>
<status status="PASS" start="2025-01-25T11:28:40.942056" elapsed="51.056457"/>
</kw>
<kw name="Click_btn_allmember_login" owner="All_Online_Main_page">
<kw name="Click_Element" owner="common">
<kw name="Wait_Page" owner="common">
<kw name="Wait Until Element Is Visible" owner="SeleniumLibrary">
<arg>${Locator}</arg>
<arg>${timeout}</arg>
<doc>Waits until the element ``locator`` is visible.</doc>
<status status="PASS" start="2025-01-25T11:29:32.005515" elapsed="1.222153"/>
</kw>
<arg>${Locator}</arg>
<doc>รอจนกว่าจะพบช่อง Page Should Contain</doc>
<status status="PASS" start="2025-01-25T11:29:32.004544" elapsed="1.225182"/>
</kw>
<kw name="Click Element" owner="SeleniumLibrary">
<msg time="2025-01-25T11:29:33.229726" level="INFO">Clicking element 'xpath=//*[@class="btn-allmember-login nopd onLine"]'.</msg>
<arg>${Locator}</arg>
<doc>Click the element identified by ``locator``.</doc>
<status status="PASS" start="2025-01-25T11:29:33.229726" elapsed="3.816190"/>
</kw>
<arg>xpath=//*[@class="btn-allmember-login nopd onLine"]</arg>
<doc>คลิกที่องค์ประกอบที่ระบุ Click Element</doc>
<status status="PASS" start="2025-01-25T11:29:32.002514" elapsed="5.043402"/>
</kw>
<doc>คลิกปุ่ม Login</doc>
<status status="PASS" start="2025-01-25T11:29:32.000519" elapsed="5.045397"/>
</kw>
<kw name="login_Wab_and_input_email_password" owner="login_TS">
<kw name="Wait_Login_Page" owner="Login_page">
<kw name="Wait_Page" owner="common">
<kw name="Wait Until Element Is Visible" owner="SeleniumLibrary">
<msg time="2025-01-25T11:29:47.529132" level="INFO" html="true">&lt;/td&gt;&lt;/tr&gt;&lt;tr&gt;&lt;td colspan="3"&gt;&lt;a href="selenium-screenshot-2.png"&gt;&lt;img src="selenium-screenshot-2.png" width="800px"&gt;&lt;/a&gt;</msg>
<msg time="2025-01-25T11:29:47.529132" level="FAIL">Element 'xpath=//*[@class="input-email-form"]' not visible after 10 seconds.</msg>
<arg>${Locator}</arg>
<arg>${timeout}</arg>
<doc>Waits until the element ``locator`` is visible.</doc>
<status status="FAIL" start="2025-01-25T11:29:37.051420" elapsed="10.479734">Element 'xpath=//*[@class="input-email-form"]' not visible after 10 seconds.</status>
</kw>
<arg>xpath=//*[@class="input-email-form"]</arg>
<doc>รอจนกว่าจะพบช่อง Page Should Contain</doc>
<status status="FAIL" start="2025-01-25T11:29:37.049919" elapsed="10.483254">Element 'xpath=//*[@class="input-email-form"]' not visible after 10 seconds.</status>
</kw>
<status status="FAIL" start="2025-01-25T11:29:37.048910" elapsed="10.484263">Element 'xpath=//*[@class="input-email-form"]' not visible after 10 seconds.</status>
</kw>
<kw name="input_email_user_login" owner="Login_page">
<arg>${Username}</arg>
<doc>กรอก email</doc>
<status status="NOT RUN" start="2025-01-25T11:29:47.533173" elapsed="0.001520"/>
</kw>
<kw name="input_password_user_login" owner="Login_page">
<arg>${password}</arg>
<doc>กรอก password</doc>
<status status="NOT RUN" start="2025-01-25T11:29:47.534693" elapsed="0.000000"/>
</kw>
<kw name="Click_login_Button" owner="Login_page">
<status status="NOT RUN" start="2025-01-25T11:29:47.534693" elapsed="0.000000"/>
</kw>
<arg>${email}</arg>
<arg>${password}</arg>
<doc>กรอกข้อมูลเเละ Login</doc>
<status status="FAIL" start="2025-01-25T11:29:37.046910" elapsed="10.487783">Element 'xpath=//*[@class="input-email-form"]' not visible after 10 seconds.</status>
</kw>
<kw name="search_item_by_keyword_input" owner="main_TS">
<arg>${SEARCH}</arg>
<doc>ค้นหาคำที่ต้องการเเละกด ค้นหา</doc>
<status status="NOT RUN" start="2025-01-25T11:29:47.536740" elapsed="0.000000"/>
</kw>
<kw name="Click_Image_item" owner="All_Online_Main_page">
<arg>${SHOTNAME}</arg>
<doc>คลิก iem ที่ต้องการ</doc>
<status status="NOT RUN" start="2025-01-25T11:29:47.536740" elapsed="0.000000"/>
</kw>
<kw name="Close_Browser" owner="common" type="TEARDOWN">
<kw name="Close Browser" owner="SeleniumLibrary">
<doc>Closes the current browser.</doc>
<status status="PASS" start="2025-01-25T11:29:47.538755" elapsed="6.334363"/>
</kw>
<doc>ปิดเบราว์เซอร์เมื่อเสร็จสิ้นการทดสอบ</doc>
<status status="PASS" start="2025-01-25T11:29:47.538755" elapsed="6.334363"/>
</kw>
<doc>ตรวจสอบการ Search ข้อมูลสินค้า</doc>
<tag>TC_02</tag>
<status status="FAIL" start="2025-01-25T11:28:40.938034" elapsed="72.935084">Element 'xpath=//*[@class="input-email-form"]' not visible after 10 seconds.</status>
</test>
<test id="s1-s1-t3" name="TC04_customer_successfully_placed_order" line="20">
<msg time="2025-01-25T11:29:53.879347" level="INFO">${DataDriver_TEST_DATA} = {'ERROR': 'Test Case not found...'}</msg>
<kw name="setup_Testcase" owner="common" type="SETUP">
<kw name="Close_Browser" owner="common">
<kw name="Close Browser" owner="SeleniumLibrary">
<doc>Closes the current browser.</doc>
<status status="PASS" start="2025-01-25T11:29:53.881363" elapsed="0.000000"/>
</kw>
<doc>ปิดเบราว์เซอร์เมื่อเสร็จสิ้นการทดสอบ</doc>
<status status="PASS" start="2025-01-25T11:29:53.879347" elapsed="0.002016"/>
</kw>
<kw name="Open_Browser" owner="common">
<kw name="Open Browser" owner="SeleniumLibrary">
<msg time="2025-01-25T11:29:53.883382" level="INFO">Opening browser 'headlessChrome' to base url 'https://www-allonline-uat.cpall.co.th/'.</msg>
<msg time="2025-01-25T11:30:18.083204" level="WARN">The chromedriver version (131.0.6778.265) detected in PATH at D:\ProgramFile\chromedriver\chromedriver.exe might not be compatible with the detected chrome version (132.0.6834.84); currently, chromedriver 132.0.6834.110 is recommended for chrome 132.*, so it is advised to delete the driver in PATH and retry</msg>
<arg>${URL}</arg>
<arg>${Browser}</arg>
<doc>Opens a new browser instance to the optional ``url``.</doc>
<status status="PASS" start="2025-01-25T11:29:53.883382" elapsed="40.761783"/>
</kw>
<kw name="Maximize Browser Window" owner="SeleniumLibrary">
<doc>Maximizes current browser window.</doc>
<status status="PASS" start="2025-01-25T11:30:34.646166" elapsed="0.641206"/>
</kw>
<arg>${URL}</arg>
<arg>${Browser}</arg>
<doc>เปิดเบราว์เซอร์ที่ URL ที่กำหนด</doc>
<status status="PASS" start="2025-01-25T11:29:53.881363" elapsed="41.406009"/>
</kw>
<arg>${MAPPING}[${ENV}][URL]</arg>
<arg>${MAPPING}[${ENV}][BROWSER]</arg>
<doc>URL temp</doc>
<status status="PASS" start="2025-01-25T11:29:53.879347" elapsed="41.408025"/>
</kw>
<kw name="Click_btn_allmember_login" owner="All_Online_Main_page">
<kw name="Click_Element" owner="common">
<kw name="Wait_Page" owner="common">
<kw name="Wait Until Element Is Visible" owner="SeleniumLibrary">
<arg>${Locator}</arg>
<arg>${timeout}</arg>
<doc>Waits until the element ``locator`` is visible.</doc>
<status status="PASS" start="2025-01-25T11:30:35.292720" elapsed="0.544563"/>
</kw>
<arg>${Locator}</arg>
<doc>รอจนกว่าจะพบช่อง Page Should Contain</doc>
<status status="PASS" start="2025-01-25T11:30:35.291721" elapsed="0.545562"/>
</kw>
<kw name="Click Element" owner="SeleniumLibrary">
<msg time="2025-01-25T11:30:35.839580" level="INFO">Clicking element 'xpath=//*[@class="btn-allmember-login nopd onLine"]'.</msg>
<arg>${Locator}</arg>
<doc>Click the element identified by ``locator``.</doc>
<status status="PASS" start="2025-01-25T11:30:35.838580" elapsed="2.214300"/>
</kw>
<arg>xpath=//*[@class="btn-allmember-login nopd onLine"]</arg>
<doc>คลิกที่องค์ประกอบที่ระบุ Click Element</doc>
<status status="PASS" start="2025-01-25T11:30:35.289372" elapsed="2.763508"/>
</kw>
<doc>คลิกปุ่ม Login</doc>
<status status="PASS" start="2025-01-25T11:30:35.288374" elapsed="2.766527"/>
</kw>
<kw name="login_Wab_and_input_email_password" owner="login_TS">
<kw name="Wait_Login_Page" owner="Login_page">
<kw name="Wait_Page" owner="common">
<kw name="Wait Until Element Is Visible" owner="SeleniumLibrary">
<msg time="2025-01-25T11:30:48.444054" level="INFO" html="true">&lt;/td&gt;&lt;/tr&gt;&lt;tr&gt;&lt;td colspan="3"&gt;&lt;a href="selenium-screenshot-3.png"&gt;&lt;img src="selenium-screenshot-3.png" width="800px"&gt;&lt;/a&gt;</msg>
<msg time="2025-01-25T11:30:48.444054" level="FAIL">Element 'xpath=//*[@class="input-email-form"]' not visible after 10 seconds.</msg>
<arg>${Locator}</arg>
<arg>${timeout}</arg>
<doc>Waits until the element ``locator`` is visible.</doc>
<status status="FAIL" start="2025-01-25T11:30:38.058897" elapsed="10.388927">Element 'xpath=//*[@class="input-email-form"]' not visible after 10 seconds.</status>
</kw>
<arg>xpath=//*[@class="input-email-form"]</arg>
<doc>รอจนกว่าจะพบช่อง Page Should Contain</doc>
<status status="FAIL" start="2025-01-25T11:30:38.057900" elapsed="10.390486">Element 'xpath=//*[@class="input-email-form"]' not visible after 10 seconds.</status>
</kw>
<status status="FAIL" start="2025-01-25T11:30:38.056899" elapsed="10.392047">Element 'xpath=//*[@class="input-email-form"]' not visible after 10 seconds.</status>
</kw>
<kw name="input_email_user_login" owner="Login_page">
<arg>${Username}</arg>
<doc>กรอก email</doc>
<status status="NOT RUN" start="2025-01-25T11:30:48.449506" elapsed="0.000538"/>
</kw>
<kw name="input_password_user_login" owner="Login_page">
<arg>${password}</arg>
<doc>กรอก password</doc>
<status status="NOT RUN" start="2025-01-25T11:30:48.450614" elapsed="0.000558"/>
</kw>
<kw name="Click_login_Button" owner="Login_page">
<status status="NOT RUN" start="2025-01-25T11:30:48.451717" elapsed="0.000626"/>
</kw>
<arg>${email}</arg>
<arg>${password}</arg>
<doc>กรอกข้อมูลเเละ Login</doc>
<status status="FAIL" start="2025-01-25T11:30:38.055896" elapsed="10.396447">Element 'xpath=//*[@class="input-email-form"]' not visible after 10 seconds.</status>
</kw>
<kw name="search_item_by_keyword_input" owner="main_TS">
<arg>${SEARCH}</arg>
<doc>ค้นหาคำที่ต้องการเเละกด ค้นหา</doc>
<status status="NOT RUN" start="2025-01-25T11:30:48.452901" elapsed="0.000556"/>
</kw>
<kw name="Click_item_and_and_Store_id" owner="main_TS">
<arg>${SHOTNAME}</arg>
<arg>${STORE}</arg>
<doc>กรอกข้อมูล เเละ เลขร้าน</doc>
<status status="NOT RUN" start="2025-01-25T11:30:48.454020" elapsed="0.000534"/>
</kw>
<kw name="payment_input_data_CC_and_payment" owner="CS_payment_TS">
<arg>${NAMECC}</arg>
<arg>${NUMBERCC}</arg>
<arg>${EXDADECC}</arg>
<arg>${CVCODECC}</arg>
<doc>กรอกข้อมูล เเละ ยืนยัน ที่หน้าจอชำระ</doc>
<status status="NOT RUN" start="2025-01-25T11:30:48.455108" elapsed="0.000595"/>
</kw>
<kw name="payment_input_OTP" owner="CS_payment_TS">
<arg>${OTPNO}</arg>
<doc>กรอกข้อมูล เเละ ยืนยัน ที่หน้าจอชำระ</doc>
<status status="NOT RUN" start="2025-01-25T11:30:48.456265" elapsed="0.000546"/>
</kw>
<kw name="Close_Browser" owner="common" type="TEARDOWN">
<kw name="Close Browser" owner="SeleniumLibrary">
<doc>Closes the current browser.</doc>
<status status="PASS" start="2025-01-25T11:30:48.458494" elapsed="3.733407"/>
</kw>
<doc>ปิดเบราว์เซอร์เมื่อเสร็จสิ้นการทดสอบ</doc>
<status status="PASS" start="2025-01-25T11:30:48.457353" elapsed="3.734548"/>
</kw>
<doc>ลูกค้าสั่งซื้อสินค้าเลือกรับที่ร้านและชำระเงินด้วยบัตรเดบิต CASE FOCUS การส่ง เเละวิธีการสั่งซื้อ</doc>
<tag>TC_05</tag>
<status status="FAIL" start="2025-01-25T11:29:53.873118" elapsed="58.318783">Element 'xpath=//*[@class="input-email-form"]' not visible after 10 seconds.</status>
</test>
<status status="FAIL" start="2025-01-25T11:27:19.727066" elapsed="212.464835"/>
</suite>
<status status="FAIL" start="2025-01-25T11:27:19.697826" elapsed="212.494075"/>
</suite>
<statistics>
<total>
<stat pass="0" fail="3" skip="0">All Tests</stat>
</total>
<tag>
<stat pass="0" fail="1" skip="0">TC_01</stat>
<stat pass="0" fail="1" skip="0">TC_02</stat>
<stat pass="0" fail="1" skip="0">TC_05</stat>
</tag>
<suite>
<stat name="Suites" id="s1" pass="0" fail="3" skip="0">Suites</stat>
<stat name="TC05 TESTSIT6" id="s1-s1" pass="0" fail="3" skip="0">Suites.TC05 TESTSIT6</stat>
</suite>
</statistics>
<errors>
<msg time="2025-01-25T11:27:22.599493" level="WARN">Error in file 'H:\gosoft-thailand\AllOnlineBot\common\common.robot' on line 52: The '[Return]' setting is deprecated. Use the 'RETURN' statement instead.</msg>
<msg time="2025-01-25T11:27:22.802299" level="ERROR">[ DataDriver ] Error in robot file:
  File "H:\gosoft-thailand\AllOnlineBot\Test\TC05_TESTSIT6.robot", line 0</msg>
<msg time="2025-01-25T11:27:22.802299" level="ERROR">In source file:
  File "Workshop-Group-5.xlsx", line 0</msg>
<msg time="2025-01-25T11:27:22.813833" level="ERROR">Calling method '_start_suite' of listener 'DataDriver' failed: ImportError: Requirements (pandas, openpyxl) for XLSX support are not installed.
    Use 'pip install -U robotframework-datadriver[XLS]' to install XLSX support.</msg>
<msg time="2025-01-25T11:27:34.647432" level="WARN">The chromedriver version (131.0.6778.265) detected in PATH at D:\ProgramFile\chromedriver\chromedriver.exe might not be compatible with the detected chrome version (132.0.6834.84); currently, chromedriver 132.0.6834.110 is recommended for chrome 132.*, so it is advised to delete the driver in PATH and retry</msg>
<msg time="2025-01-25T11:28:56.951539" level="WARN">The chromedriver version (131.0.6778.265) detected in PATH at D:\ProgramFile\chromedriver\chromedriver.exe might not be compatible with the detected chrome version (132.0.6834.84); currently, chromedriver 132.0.6834.110 is recommended for chrome 132.*, so it is advised to delete the driver in PATH and retry</msg>
<msg time="2025-01-25T11:30:18.083204" level="WARN">The chromedriver version (131.0.6778.265) detected in PATH at D:\ProgramFile\chromedriver\chromedriver.exe might not be compatible with the detected chrome version (132.0.6834.84); currently, chromedriver 132.0.6834.110 is recommended for chrome 132.*, so it is advised to delete the driver in PATH and retry</msg>
</errors>
</robot>
